2017-10-22 21:59:21 DEBUG RequestAddCookies:123 - CookieSpec selected: default
2017-10-22 21:59:21 DEBUG RequestAuthCache:77 - Auth cache not set in the context
2017-10-22 21:59:21 DEBUG PoolingHttpClientConnectionManager:255 - Connection request: [route: {s}->https://api.airtable.com:443][total kept alive: 0; route allocated: 0 of 2; total allocated: 0 of 20]
2017-10-22 21:59:21 DEBUG PoolingHttpClientConnectionManager:288 - Connection leased: [id: 0][route: {s}->https://api.airtable.com:443][total kept alive: 0; route allocated: 1 of 2; total allocated: 1 of 20]
2017-10-22 21:59:21 DEBUG MainClientExec:235 - Opening connection {s}->https://api.airtable.com:443
2017-10-22 21:59:21 DEBUG DefaultHttpClientConnectionOperator:139 - Connecting to api.airtable.com/54.236.123.150:443
2017-10-22 21:59:21 DEBUG SSLConnectionSocketFactory:337 - Connecting socket to api.airtable.com/54.236.123.150:443 with timeout 0
2017-10-22 21:59:22 DEBUG SSLConnectionSocketFactory:390 - Enabled protocols: [TLSv1, TLSv1.1, TLSv1.2]
2017-10-22 21:59:22 DEBUG SSLConnectionSocketFactory:391 - Enabled cipher suites:[TLS_ECDHE_ECDSA_WITH_AES_128_CBC_SHA256, TLS_ECDHE_RSA_WITH_AES_128_CBC_SHA256, TLS_RSA_WITH_AES_128_CBC_SHA256, TLS_ECDH_ECDSA_WITH_AES_128_CBC_SHA256, TLS_ECDH_RSA_WITH_AES_128_CBC_SHA256, TLS_DHE_RSA_WITH_AES_128_CBC_SHA256, TLS_DHE_DSS_WITH_AES_128_CBC_SHA256, TLS_ECDHE_ECDSA_WITH_AES_128_CBC_SHA, TLS_ECDHE_RSA_WITH_AES_128_CBC_SHA, TLS_RSA_WITH_AES_128_CBC_SHA, TLS_ECDH_ECDSA_WITH_AES_128_CBC_SHA, TLS_ECDH_RSA_WITH_AES_128_CBC_SHA, TLS_DHE_RSA_WITH_AES_128_CBC_SHA, TLS_DHE_DSS_WITH_AES_128_CBC_SHA, TLS_ECDHE_ECDSA_WITH_AES_128_GCM_SHA256, TLS_ECDHE_RSA_WITH_AES_128_GCM_SHA256, TLS_RSA_WITH_AES_128_GCM_SHA256, TLS_ECDH_ECDSA_WITH_AES_128_GCM_SHA256, TLS_ECDH_RSA_WITH_AES_128_GCM_SHA256, TLS_DHE_RSA_WITH_AES_128_GCM_SHA256, TLS_DHE_DSS_WITH_AES_128_GCM_SHA256, TLS_ECDHE_ECDSA_WITH_3DES_EDE_CBC_SHA, TLS_ECDHE_RSA_WITH_3DES_EDE_CBC_SHA, SSL_RSA_WITH_3DES_EDE_CBC_SHA, TLS_ECDH_ECDSA_WITH_3DES_EDE_CBC_SHA, TLS_ECDH_RSA_WITH_3DES_EDE_CBC_SHA, SSL_DHE_RSA_WITH_3DES_EDE_CBC_SHA, SSL_DHE_DSS_WITH_3DES_EDE_CBC_SHA, TLS_EMPTY_RENEGOTIATION_INFO_SCSV]
2017-10-22 21:59:22 DEBUG SSLConnectionSocketFactory:395 - Starting handshake
2017-10-22 21:59:22 DEBUG SSLConnectionSocketFactory:425 - Secure session established
2017-10-22 21:59:22 DEBUG SSLConnectionSocketFactory:426 -  negotiated protocol: TLSv1.2
2017-10-22 21:59:22 DEBUG SSLConnectionSocketFactory:427 -  negotiated cipher suite: TLS_ECDHE_RSA_WITH_AES_128_GCM_SHA256
2017-10-22 21:59:22 DEBUG SSLConnectionSocketFactory:435 -  peer principal: CN=api.airtable.com
2017-10-22 21:59:22 DEBUG SSLConnectionSocketFactory:444 -  peer alternative names: [api.airtable.com]
2017-10-22 21:59:22 DEBUG SSLConnectionSocketFactory:448 -  issuer principal: CN=Amazon, OU=Server CA 1B, O=Amazon, C=US
2017-10-22 21:59:22 DEBUG DefaultHttpClientConnectionOperator:146 - Connection established 192.168.31.78:52962<->54.236.123.150:443
2017-10-22 21:59:22 DEBUG MainClientExec:256 - Executing request POST /v0/keyhnzkreYNlvMRjR/Table1 HTTP/1.1
2017-10-22 21:59:22 DEBUG MainClientExec:267 - Proxy auth state: UNCHALLENGED
2017-10-22 21:59:22 DEBUG headers:133 - http-outgoing-0 >> POST /v0/keyhnzkreYNlvMRjR/Table1 HTTP/1.1
2017-10-22 21:59:22 DEBUG headers:136 - http-outgoing-0 >> Authorization: Bearer Bearer keyhnzkreYNlvMRjR
2017-10-22 21:59:22 DEBUG headers:136 - http-outgoing-0 >> Content-Type: application/json
2017-10-22 21:59:22 DEBUG headers:136 - http-outgoing-0 >> Content-Length: 104
2017-10-22 21:59:22 DEBUG headers:136 - http-outgoing-0 >> Host: api.airtable.com
2017-10-22 21:59:22 DEBUG headers:136 - http-outgoing-0 >> Connection: Keep-Alive
2017-10-22 21:59:22 DEBUG headers:136 - http-outgoing-0 >> User-Agent: Apache-HttpClient/4.5.3 (Java/1.8.0_121)
2017-10-22 21:59:22 DEBUG headers:136 - http-outgoing-0 >> Accept-Encoding: gzip,deflate
2017-10-22 21:59:22 DEBUG wire:73 - http-outgoing-0 >> "POST /v0/keyhnzkreYNlvMRjR/Table1 HTTP/1.1[\r][\n]"
2017-10-22 21:59:22 DEBUG wire:73 - http-outgoing-0 >> "Authorization: Bearer Bearer keyhnzkreYNlvMRjR[\r][\n]"
2017-10-22 21:59:22 DEBUG wire:73 - http-outgoing-0 >> "Content-Type: application/json[\r][\n]"
2017-10-22 21:59:22 DEBUG wire:73 - http-outgoing-0 >> "Content-Length: 104[\r][\n]"
2017-10-22 21:59:22 DEBUG wire:73 - http-outgoing-0 >> "Host: api.airtable.com[\r][\n]"
2017-10-22 21:59:22 DEBUG wire:73 - http-outgoing-0 >> "Connection: Keep-Alive[\r][\n]"
2017-10-22 21:59:22 DEBUG wire:73 - http-outgoing-0 >> "User-Agent: Apache-HttpClient/4.5.3 (Java/1.8.0_121)[\r][\n]"
2017-10-22 21:59:22 DEBUG wire:73 - http-outgoing-0 >> "Accept-Encoding: gzip,deflate[\r][\n]"
2017-10-22 21:59:22 DEBUG wire:73 - http-outgoing-0 >> "[\r][\n]"
2017-10-22 21:59:22 DEBUG wire:87 - http-outgoing-0 >> "{"fields":{"Description":"dsfgsdg","Price":"122.0","Time":"dsfgsdg","Image":"dsfgsdg","Link":"dsfgsdg"}}"
2017-10-22 21:59:22 DEBUG wire:73 - http-outgoing-0 << "HTTP/1.1 404 Not Found[\r][\n]"
2017-10-22 21:59:22 DEBUG wire:73 - http-outgoing-0 << "Date: Sun, 22 Oct 2017 18:59:24 GMT[\r][\n]"
2017-10-22 21:59:22 DEBUG wire:73 - http-outgoing-0 << "Content-Type: application/json; charset=utf-8[\r][\n]"
2017-10-22 21:59:22 DEBUG wire:73 - http-outgoing-0 << "Content-Length: 21[\r][\n]"
2017-10-22 21:59:22 DEBUG wire:73 - http-outgoing-0 << "Connection: keep-alive[\r][\n]"
2017-10-22 21:59:22 DEBUG wire:73 - http-outgoing-0 << "Set-Cookie: AWSALB=YdZeC1DzhKoL1WcPDBUYVnHAI11bC4QS+H4tr88hBhslxRkKUKiUMEZSdvPgpZcu1Iz3wp524bPoS30U7b3AGevFxU9peDwoHrWGu/uacPpXulbRvDJL2tB7FfPq; Expires=Sun, 29 Oct 2017 18:59:23 GMT; Path=/[\r][\n]"
2017-10-22 21:59:22 DEBUG wire:73 - http-outgoing-0 << "Server: Tengine[\r][\n]"
2017-10-22 21:59:22 DEBUG wire:73 - http-outgoing-0 << "access-control-allow-origin: *[\r][\n]"
2017-10-22 21:59:22 DEBUG wire:73 - http-outgoing-0 << "access-control-allow-methods: GET,PUT,POST,PATCH,DELETE,OPTIONS[\r][\n]"
2017-10-22 21:59:22 DEBUG wire:73 - http-outgoing-0 << "access-control-allow-headers: content-type, authorization, content-length, x-requested-with, x-api-version, x-airtable-application-id[\r][\n]"
2017-10-22 21:59:22 DEBUG wire:73 - http-outgoing-0 << "ETag: W/"15-tcRCab2ZDkTZ4I9Oh2TI8Kt8AAg"[\r][\n]"
2017-10-22 21:59:22 DEBUG wire:73 - http-outgoing-0 << "Vary: Accept-Encoding[\r][\n]"
2017-10-22 21:59:22 DEBUG wire:73 - http-outgoing-0 << "[\r][\n]"
2017-10-22 21:59:22 DEBUG wire:87 - http-outgoing-0 << "{"error":"NOT_FOUND"}"
2017-10-22 21:59:22 DEBUG headers:122 - http-outgoing-0 << HTTP/1.1 404 Not Found
2017-10-22 21:59:22 DEBUG headers:125 - http-outgoing-0 << Date: Sun, 22 Oct 2017 18:59:24 GMT
2017-10-22 21:59:22 DEBUG headers:125 - http-outgoing-0 << Content-Type: application/json; charset=utf-8
2017-10-22 21:59:22 DEBUG headers:125 - http-outgoing-0 << Content-Length: 21
2017-10-22 21:59:22 DEBUG headers:125 - http-outgoing-0 << Connection: keep-alive
2017-10-22 21:59:22 DEBUG headers:125 - http-outgoing-0 << Set-Cookie: AWSALB=YdZeC1DzhKoL1WcPDBUYVnHAI11bC4QS+H4tr88hBhslxRkKUKiUMEZSdvPgpZcu1Iz3wp524bPoS30U7b3AGevFxU9peDwoHrWGu/uacPpXulbRvDJL2tB7FfPq; Expires=Sun, 29 Oct 2017 18:59:23 GMT; Path=/
2017-10-22 21:59:22 DEBUG headers:125 - http-outgoing-0 << Server: Tengine
2017-10-22 21:59:22 DEBUG headers:125 - http-outgoing-0 << access-control-allow-origin: *
2017-10-22 21:59:22 DEBUG headers:125 - http-outgoing-0 << access-control-allow-methods: GET,PUT,POST,PATCH,DELETE,OPTIONS
2017-10-22 21:59:22 DEBUG headers:125 - http-outgoing-0 << access-control-allow-headers: content-type, authorization, content-length, x-requested-with, x-api-version, x-airtable-application-id
2017-10-22 21:59:22 DEBUG headers:125 - http-outgoing-0 << ETag: W/"15-tcRCab2ZDkTZ4I9Oh2TI8Kt8AAg"
2017-10-22 21:59:22 DEBUG headers:125 - http-outgoing-0 << Vary: Accept-Encoding
2017-10-22 21:59:22 DEBUG MainClientExec:285 - Connection can be kept alive indefinitely
2017-10-22 21:59:22 WARN  ResponseProcessCookies:130 - Invalid cookie header: "Set-Cookie: AWSALB=YdZeC1DzhKoL1WcPDBUYVnHAI11bC4QS+H4tr88hBhslxRkKUKiUMEZSdvPgpZcu1Iz3wp524bPoS30U7b3AGevFxU9peDwoHrWGu/uacPpXulbRvDJL2tB7FfPq; Expires=Sun, 29 Oct 2017 18:59:23 GMT; Path=/". Invalid 'expires' attribute: Sun, 29 Oct 2017 18:59:23 GMT
2017-10-22 21:59:22 DEBUG PoolingHttpClientConnectionManager:320 - Connection [id: 0][route: {s}->https://api.airtable.com:443] can be kept alive indefinitely
2017-10-22 21:59:22 DEBUG PoolingHttpClientConnectionManager:326 - Connection released: [id: 0][route: {s}->https://api.airtable.com:443][total kept alive: 1; route allocated: 1 of 2; total allocated: 1 of 20]
2017-10-22 21:59:40 WARN  ResponseProcessCookies:130 - Invalid cookie header: "Set-Cookie: AWSALB=JFz/A7T3GMfgkloMoPqrQdji4vPQAEZnqsq4089lmXMVDLZi5pY4rwOkv6O7sG4jmXOH20vYTn4qpuC7xChqX2XVINiDUJxd7bMzC7SMLMWPUf8sG3W9RXFaLbqY; Expires=Sun, 29 Oct 2017 18:59:41 GMT; Path=/". Invalid 'expires' attribute: Sun, 29 Oct 2017 18:59:41 GMT
2017-10-22 22:02:14 WARN  ResponseProcessCookies:130 - Invalid cookie header: "Set-Cookie: AWSALB=JkEAwgMR6FibLps7Zs7sG5lVimRe/BTGNmPr8O3WPaB76A+xu5420nSGAzQjBT1vCGFy3goFxB/y/s160GxKsYCrtDwFzT0AkMb1p9GaUGTJgLU0wqsFAqUubub3; Expires=Sun, 29 Oct 2017 19:02:16 GMT; Path=/". Invalid 'expires' attribute: Sun, 29 Oct 2017 19:02:16 GMT
2017-10-22 22:03:42 WARN  ResponseProcessCookies:130 - Invalid cookie header: "Set-Cookie: AWSALB=wDUAYrk74AEN7efh1zOJE7pXL8MXvxcWt2YehIqydxyBpprTlXmr3MU+MepeDmyVV9rfPG0+E5FfZNB4d33jHqfdS3qXjCyxgHUXH9Oj7veSLUDc/2Za2ABLnh7/; Expires=Sun, 29 Oct 2017 19:03:43 GMT; Path=/". Invalid 'expires' attribute: Sun, 29 Oct 2017 19:03:43 GMT
2017-10-22 22:05:55 WARN  ResponseProcessCookies:130 - Invalid cookie header: "Set-Cookie: AWSALB=x7jqthiuXi4OE/XgBi6z7oeLOTdpAYcPSB79aM20HD0f2jKuiySlfVRH25GZSgVxoxiN+xMAsV1KGuwAKfvd0bk8PMMrYEudm3yC8xDJBZvu0Ypve8S36Iht4UHp; Expires=Sun, 29 Oct 2017 19:05:57 GMT; Path=/". Invalid 'expires' attribute: Sun, 29 Oct 2017 19:05:57 GMT
2017-10-22 22:13:41 WARN  ResponseProcessCookies:130 - Invalid cookie header: "Set-Cookie: AWSALB=PL494FH/N4tAPogWoQplJ49tSxbccepTNS3egfHXiJwuZNZFqLz4+4X+5G9Ouo9Ys7kKzSe3vg3aqMVYQsTYPpAyCrIjCDFUCXdxgOz6VimxwQpP8jC7xSZRi/fp; Expires=Sun, 29 Oct 2017 19:13:42 GMT; Path=/". Invalid 'expires' attribute: Sun, 29 Oct 2017 19:13:42 GMT
2017-10-23 10:29:02 WARN  TextProcessor:75 - Unshrinker return NULL
2017-10-23 10:30:11 WARN  TextProcessor:76 - Unshrinker return NULL
2017-10-23 10:32:34 WARN  TextProcessor:76 - Unshrinker return NULL
2017-10-23 10:33:31 WARN  TextProcessor:76 - Unshrinker return NULL
2017-10-23 10:33:31 INFO  TextProcessor:48 - http://grbe.st/AwYQJ
2017-10-23 10:35:26 INFO  TextProcessor:72 - 405
2017-10-23 10:35:26 WARN  TextProcessor:77 - Unshrinker return NULL
2017-10-23 10:35:26 INFO  TextProcessor:48 - http://grbe.st/AwYQJ
2017-10-23 10:36:35 INFO  TextProcessor:72 - 405
2017-10-23 10:37:26 INFO  TextProcessor:72 - 405
2017-10-23 10:37:26 WARN  TextProcessor:77 - Unshrinker return NULL
2017-10-23 10:37:26 INFO  TextProcessor:48 - http://grbe.st/AwYQJ
2017-10-23 10:39:25 INFO  TextProcessor:72 - 200
2017-10-23 10:39:25 WARN  TextProcessor:77 - Unshrinker return NULL
2017-10-23 10:39:25 INFO  TextProcessor:48 - http://grbe.st/AwYQJ
2017-10-23 10:57:07 INFO  TextProcessor:72 - 200
2017-10-23 10:57:07 INFO  TextProcessor:49 - org.apache.http.client.entity.DecompressingEntity@197d671
2017-10-23 10:58:12 INFO  TextProcessor:72 - 200
2017-10-23 10:58:12 INFO  TextProcessor:49 - HttpResponseProxy{HTTP/1.1 200 OK [Date: Mon, 23 Oct 2017 07:58:12 GMT, Content-Type: text/html; charset=utf-8, Transfer-Encoding: chunked, Connection: keep-alive, Set-Cookie: __cfduid=d6a5c867c754c98a53d6cd7a4ff4f70781508745491; expires=Tue, 23-Oct-18 07:58:11 GMT; path=/; domain=.unshorten.me; HttpOnly, X-Frame-Options: SAMEORIGIN, P3P: CP="ALL DSP COR PSAa PSDa OUR NOR ONL UNI COM NAV", Vary: Accept-Encoding, X-Varnish: 962956445 963773021, Age: 64, Via: 1.1 varnish-v4, Server: cloudflare-nginx, CF-RAY: 3b23265bc9878661-ARN] org.apache.http.client.entity.DecompressingEntity@197d671}
2017-10-23 11:02:55 INFO  TextProcessor:50 - https://pafutos.com/g/2316b8f856ecdb0ffb0022af2ed61b/?ulp=https%3A%2F%2Fwww.gearbest.com%2Fcell-phones%2Fpp_705268.html&
2017-10-23 11:04:17 INFO  TextProcessor:50 - https://pafutos.com/g/2316b8f856ecdb0ffb0022af2ed61b/?ulp=https%3A%2F%2Fwww.gearbest.com%2Fcell-phones%2Fpp_705268.html&
2017-10-23 11:04:17 INFO  TextProcessor:53 - No shop found for link https://pafutos.com/g/2316b8f856ecdb0ffb0022af2ed61b/?ulp=https%3A%2F%2Fwww.gearbest.com%2Fcell-phones%2Fpp_705268.html&
2017-10-23 11:05:36 INFO  TextProcessor:50 - https://pafutos.com/g/2316b8f856ecdb0ffb0022af2ed61b/?ulp=https%3A%2F%2Fwww.gearbest.com%2Fcell-phones%2Fpp_705268.html&
2017-10-23 11:05:36 INFO  TextProcessor:53 - No shop found for link https://pafutos.com/g/2316b8f856ecdb0ffb0022af2ed61b/?ulp=https%3A%2F%2Fwww.gearbest.com%2Fcell-phones%2Fpp_705268.html&
2017-10-23 11:15:17 WARN  ResponseProcessCookies:130 - Invalid cookie header: "Set-Cookie: AWSALB=hvVPyzYTgQ2VaKwQQvRmdv+WEY7gfQfaleYrGQ1h2BEImWJaHR3hG+WJa4/frbNpzuaP9/g7CSKoCp1Sr0gzHbVTMBBhcRx3XIl17AYrTf8pkRj7clsMHuXpEpv+; Expires=Mon, 30 Oct 2017 08:15:17 GMT; Path=/". Invalid 'expires' attribute: Mon, 30 Oct 2017 08:15:17 GMT
2017-10-23 11:23:33 WARN  ResponseProcessCookies:130 - Invalid cookie header: "Set-Cookie: AWSALB=pQ01RICeWJFVmTL1akLKLyW2aHwvVXmlVzhZJWhA83K2qggMelXA+28ELJEbK9narRh+DyDnX8DaQXduC47B4bSy4GkpEu62AwFxbqGJmXVhYGyS4Hbr803HLF8M; Expires=Mon, 30 Oct 2017 08:23:33 GMT; Path=/". Invalid 'expires' attribute: Mon, 30 Oct 2017 08:23:33 GMT
2017-10-23 11:25:00 WARN  ResponseProcessCookies:130 - Invalid cookie header: "Set-Cookie: AWSALB=xerCcgc1mc2CAHYpm+JQwUiBC5xq8YYq7fmzrIHt7jshqI7PPMp6ppKIP6uNOkz1DmCw1TgMEzIbFM0mLw9dxCNkYccXscBeVuePeFy3mVd5okzTS6sKL++09rbl; Expires=Mon, 30 Oct 2017 08:25:00 GMT; Path=/". Invalid 'expires' attribute: Mon, 30 Oct 2017 08:25:00 GMT
2017-10-23 11:25:01 WARN  ResponseProcessCookies:130 - Invalid cookie header: "Set-Cookie: AWSALB=fvuKknuygqj56sVKSQYhDpn1SMrkfo4sWaA1xIjRHYLSrLkgV2Le7WmxmpZX0QXNl7qhde1fxD7HSJm0vK3vnHdH8SBuoHBxgfjWEX56VJ3lS0808uwZ62KxY8A8; Expires=Mon, 30 Oct 2017 08:25:01 GMT; Path=/". Invalid 'expires' attribute: Mon, 30 Oct 2017 08:25:01 GMT
2017-10-23 11:25:02 WARN  ResponseProcessCookies:130 - Invalid cookie header: "Set-Cookie: AWSALB=QuveSJB5oLKgZ5DsyW2d641OX/bGEGawWXUVZf46yzK3lKVfQ4jhjCRJ4o3l68mrEnvpgZgq+xA9/tGVHSrOj+SMspovETMJC2L/+7AW2ufc+NnBU/4p0Bly5cmT; Expires=Mon, 30 Oct 2017 08:25:02 GMT; Path=/". Invalid 'expires' attribute: Mon, 30 Oct 2017 08:25:02 GMT
2017-10-23 11:25:04 INFO  TextProcessor:50 - https://pafutos.com/g/2316b8f856ecdb0ffb0022af2ed61b/?ulp=https%3A%2F%2Fwww.gearbest.com%2Fcell-phones%2Fpp_705268.html&
2017-10-23 11:25:04 INFO  TextProcessor:53 - No shop found for link https://pafutos.com/g/2316b8f856ecdb0ffb0022af2ed61b/?ulp=https%3A%2F%2Fwww.gearbest.com%2Fcell-phones%2Fpp_705268.html&
2017-10-23 11:26:26 WARN  ResponseProcessCookies:130 - Invalid cookie header: "Set-Cookie: AWSALB=CPuAeDD8uQhnM2xaM18zmDGzmuJloAAoh6DlEzFQQkmy8hmxXT6jGPWvx5NtHTJ8bqtbAlTUdG16A2ze5whmXe/mvTTWc3DfJv6HcRsn1Bp/ZKb3cTjCn69aT7C9; Expires=Mon, 30 Oct 2017 08:26:26 GMT; Path=/". Invalid 'expires' attribute: Mon, 30 Oct 2017 08:26:26 GMT
2017-10-23 11:29:41 WARN  ResponseProcessCookies:130 - Invalid cookie header: "Set-Cookie: AWSALB=Qke8o6HB0f5xLIgs021wtebsVmK0aLJ2SY/dmy9WSYnGFeIHYTxZ8dll3kQANNeC1DKn5QQopWBx97kILARjluwguAuVCFVO5/GGFD/DVnHcu+96DFavjradufRS; Expires=Mon, 30 Oct 2017 08:29:42 GMT; Path=/". Invalid 'expires' attribute: Mon, 30 Oct 2017 08:29:42 GMT
2017-10-23 11:30:56 WARN  ResponseProcessCookies:130 - Invalid cookie header: "Set-Cookie: AWSALB=6LhF9QQGotiQ3QMRXniwYKw8/V+1u/p4FTTrUakwkqNLII1VGyWfkZPaSdITlYnVSvaY6ZOs9UUsk45FViQHC0pGl8z8nFP5MbYzGmz2aZ671ldO7uv6WGSszGwL; Expires=Mon, 30 Oct 2017 08:30:56 GMT; Path=/". Invalid 'expires' attribute: Mon, 30 Oct 2017 08:30:56 GMT
2017-10-23 11:33:47 WARN  ResponseProcessCookies:130 - Invalid cookie header: "Set-Cookie: AWSALB=9CGSMK/07a96IKf5QPJbzo9NdyT8p8naCCUCkj6Fs5jy++vOz668s1CE7oRoR/HJZ6mom0R9F4PvAtLDreV6r1gsBsdae3koYt/s69NIZgkMOHh2Gz2+BUlNVaeE; Expires=Mon, 30 Oct 2017 08:33:47 GMT; Path=/". Invalid 'expires' attribute: Mon, 30 Oct 2017 08:33:47 GMT
2017-10-23 11:33:47 INFO  JsonRecoursiveParser:49 - [records]
2017-10-23 11:35:45 WARN  ResponseProcessCookies:130 - Invalid cookie header: "Set-Cookie: AWSALB=yV3jL2ZkOVHfdt/beI6/eCuVNj9WpjVugyHE8O9wWxikMFcZByiwyjLqERwXy2egRXn4l9YpKjDSS1AaDpUwc+vxEyAc/J4ZVVWKZx25eQHj7cA0z0ZpAuFdnzxA; Expires=Mon, 30 Oct 2017 08:35:45 GMT; Path=/". Invalid 'expires' attribute: Mon, 30 Oct 2017 08:35:45 GMT
2017-10-23 11:35:45 INFO  JsonRecoursiveParser:49 - [records]
2017-10-23 11:35:45 INFO  JsonRecoursiveParser:51 - [{"createdTime":"2017-10-20T12:17:39.000Z","id":"rec9KIbF8BitH1y4S","fields":{"Description":"sdafdsf","Price":"675765","Time":"sdafads","Image":"sdaf.rrt","Link":"sdaf.rrt"}},{"createdTime":"2017-10-22T19:05:57.000Z","id":"recLtW8VTgoXin8Yp","fields":{"Description":"dsfgsdg","Price":"122.0","Time":"dsfgsdg","Image":"dsfgsdg","Link":"dsfgsdg"}},{"createdTime":"2017-10-22T19:13:43.000Z","id":"recr5enMhsn2GA5cY","fields":{"Price":"13.0","Time":"12 12 12 12"}},{"createdTime":"2017-10-22T19:05:30.000Z","id":"recsEO9gYcMC5v6IM","fields":{"Description":"dsfgsdg","Price":"122.0","Time":"dsfgsdg","Image":"dsfgsdg","Link":"dsfgsdg"}}]
2017-10-23 11:36:57 WARN  ResponseProcessCookies:130 - Invalid cookie header: "Set-Cookie: AWSALB=Kk9qLbd1Y/XUirsDjvrEn/DwgEYk+Iv2UikxsXNZqPWT05DCu8L1Q2HWQAHxsjCM0zQGxtMlFMKw3UgAYyboaevMXegR5DFBd+K8I1pmig6wNGBVegfUM/buEVfO; Expires=Mon, 30 Oct 2017 08:36:57 GMT; Path=/". Invalid 'expires' attribute: Mon, 30 Oct 2017 08:36:57 GMT
2017-10-23 11:36:57 INFO  JsonRecoursiveParser:49 - [records]
2017-10-23 11:36:57 INFO  JsonRecoursiveParser:51 - [{"createdTime":"2017-10-20T12:17:39.000Z","id":"rec9KIbF8BitH1y4S","fields":{"Description":"sdafdsf","Price":"675765","Time":"sdafads","Image":"sdaf.rrt","Link":"sdaf.rrt"}},{"createdTime":"2017-10-22T19:05:57.000Z","id":"recLtW8VTgoXin8Yp","fields":{"Description":"dsfgsdg","Price":"122.0","Time":"dsfgsdg","Image":"dsfgsdg","Link":"dsfgsdg"}},{"createdTime":"2017-10-22T19:13:43.000Z","id":"recr5enMhsn2GA5cY","fields":{"Price":"13.0","Time":"12 12 12 12"}},{"createdTime":"2017-10-22T19:05:30.000Z","id":"recsEO9gYcMC5v6IM","fields":{"Description":"dsfgsdg","Price":"122.0","Time":"dsfgsdg","Image":"dsfgsdg","Link":"dsfgsdg"}}]
2017-10-23 11:38:23 WARN  ResponseProcessCookies:130 - Invalid cookie header: "Set-Cookie: AWSALB=jSF8RRO8QPWDzj4ZlnrAFXph4ERTO1IiCDMbPIZTr5u4pIB4L0UxDnwsvTDoG/Z7R8238xW3Kjf9XaV7c7PHnZNx2yKGVDE0UfryLZ86GUg8imZZ+VkSUQk1v0uf; Expires=Mon, 30 Oct 2017 08:38:23 GMT; Path=/". Invalid 'expires' attribute: Mon, 30 Oct 2017 08:38:23 GMT
2017-10-23 11:38:23 INFO  JsonRecoursiveParser:49 - [records]
2017-10-23 11:38:23 INFO  JsonRecoursiveParser:51 - [{"createdTime":"2017-10-20T12:17:39.000Z","id":"rec9KIbF8BitH1y4S","fields":{"Description":"sdafdsf","Price":"675765","Time":"sdafads","Image":"sdaf.rrt","Link":"sdaf.rrt"}},{"createdTime":"2017-10-22T19:05:57.000Z","id":"recLtW8VTgoXin8Yp","fields":{"Description":"dsfgsdg","Price":"122.0","Time":"dsfgsdg","Image":"dsfgsdg","Link":"dsfgsdg"}},{"createdTime":"2017-10-22T19:13:43.000Z","id":"recr5enMhsn2GA5cY","fields":{"Price":"13.0","Time":"12 12 12 12"}},{"createdTime":"2017-10-22T19:05:30.000Z","id":"recsEO9gYcMC5v6IM","fields":{"Description":"dsfgsdg","Price":"122.0","Time":"dsfgsdg","Image":"dsfgsdg","Link":"dsfgsdg"}}]
2017-10-23 11:38:23 INFO  JsonRecoursiveParser:64 - 4
2017-10-23 11:40:44 WARN  ResponseProcessCookies:130 - Invalid cookie header: "Set-Cookie: AWSALB=OvCZFlRoLB3ZnqYgi8vTA1+EZttxOsvHrqWetosCMF0ydV6r3j8IldMQcNWoyR8YDekX5dXaJD+yo1Ro/XpP8g74A+lAUql8Ab/NxtNxlJGEnyrY9lHkMQujQ0T8; Expires=Mon, 30 Oct 2017 08:40:45 GMT; Path=/". Invalid 'expires' attribute: Mon, 30 Oct 2017 08:40:45 GMT
2017-10-23 11:40:44 INFO  AirTableApi:81 - 4
2017-10-23 11:41:38 WARN  ResponseProcessCookies:130 - Invalid cookie header: "Set-Cookie: AWSALB=BN26tAnmn92Z/ahq2QtFg+wkKX/e5bsYA+PYUip5bnayyM1Yx07islCLmbrIAEi82ST9QuxpDPa2PypXL9/CvE+rwhiEKPGDeVgazBri1Ej8RZ/3/fI+lxRYPIDt; Expires=Mon, 30 Oct 2017 08:41:38 GMT; Path=/". Invalid 'expires' attribute: Mon, 30 Oct 2017 08:41:38 GMT
2017-10-23 11:41:38 INFO  AirTableApi:81 - 4
2017-10-23 11:41:38 INFO  AirTableApi:84 - [createdTime, id, fields]
2017-10-23 11:43:04 WARN  ResponseProcessCookies:130 - Invalid cookie header: "Set-Cookie: AWSALB=MDUwnHqeqmJ4CuriGtp/zkwzdCxpdgK6aaTlLJ/Nezuf2bzW5gjyvYnElGK2v+TnmpxkTPkiTXwG1mcEHVbSzI8SbvvadIR5dbSJ1rxDm+YWajUPrnDKePFXdhZ+; Expires=Mon, 30 Oct 2017 08:43:04 GMT; Path=/". Invalid 'expires' attribute: Mon, 30 Oct 2017 08:43:04 GMT
2017-10-23 11:43:04 INFO  AirTableApi:81 - 4
2017-10-23 11:43:04 INFO  AirTableApi:84 - [createdTime, id, fields]
2017-10-23 11:43:04 INFO  AirTableApi:84 - [createdTime, id, fields]
2017-10-23 11:43:04 INFO  AirTableApi:84 - [createdTime, id, fields]
2017-10-23 11:43:04 INFO  AirTableApi:84 - [createdTime, id, fields]
2017-10-23 11:43:05 WARN  ResponseProcessCookies:130 - Invalid cookie header: "Set-Cookie: AWSALB=hhD3KpXi7daNcJRDgJnWoL2Va8YRAJu/HtKJkThv6ZPXkkSFp5Ztrzg62iPZGZO6eynqh+mh6D86L8btXh7rMSxIdtTatRnTkDunZ7kxJ5RazOb3mzDDNj2VNAjW; Expires=Mon, 30 Oct 2017 08:43:05 GMT; Path=/". Invalid 'expires' attribute: Mon, 30 Oct 2017 08:43:05 GMT
2017-10-23 11:43:06 WARN  ResponseProcessCookies:130 - Invalid cookie header: "Set-Cookie: AWSALB=qwHaYVIjEdY4gAvSmsbAB1Vi71Y3qVS/obWlN97taUpqN0CisFTi5XlMkES1Sl3N6ezd/hkFGdRQkztnNhifxj7+7K1x1+ZGFS7U9ABSYfMNz0Sog95QzLBXh4EO; Expires=Mon, 30 Oct 2017 08:43:06 GMT; Path=/". Invalid 'expires' attribute: Mon, 30 Oct 2017 08:43:06 GMT
2017-10-23 11:55:34 WARN  ResponseProcessCookies:130 - Invalid cookie header: "Set-Cookie: AWSALB=Y8eHFg6zHTmpabKsEyp77TyHq+jB8Yv+j1Y6b9TddHhX+14bRJ2abBzFqkvHhvFM5GtWaxPKLkZUe1rK+f0/MJ0fOJ+hZxktO7XIl+qTvxlyzvWj+tPQpEces7RH; Expires=Mon, 30 Oct 2017 08:55:34 GMT; Path=/". Invalid 'expires' attribute: Mon, 30 Oct 2017 08:55:34 GMT
2017-10-23 11:55:35 WARN  ResponseProcessCookies:130 - Invalid cookie header: "Set-Cookie: AWSALB=hnTw9ZI6/KmHpLKF2HN3xiBx+iZ5yK5mmqaY0VFIYca67YNUc0WPuuiFZq2A+JHJWVlkC1eiZUmSCls9L5LH1fCT70L7AO1HCnWxnwdt/AuTrNlMQht+0j6pEx7v; Expires=Mon, 30 Oct 2017 08:55:35 GMT; Path=/". Invalid 'expires' attribute: Mon, 30 Oct 2017 08:55:35 GMT
2017-10-23 11:55:36 WARN  ResponseProcessCookies:130 - Invalid cookie header: "Set-Cookie: AWSALB=tLKB2UOFqHX3Jl/g7XyL0N9O83xDZZQ13eu3ooGR7Tdpt2DkFRFPJVJuzpmaimgykknI0LoaHdwb/ht36gAxxjTzWR4v1jCmSvpiHcyRELMv2h334YIJlgTtzbyD; Expires=Mon, 30 Oct 2017 08:55:36 GMT; Path=/". Invalid 'expires' attribute: Mon, 30 Oct 2017 08:55:36 GMT
2017-10-23 11:55:36 INFO  AirTableApi:121 - 30-75
2017-10-23 12:00:38 WARN  ResponseProcessCookies:130 - Invalid cookie header: "Set-Cookie: AWSALB=dgsuZvjd73z389FJ64oPCjubsckgqHDLc5Ktq9CWhqbxf4flKjRuwN5r8URZqzWcW4BWq1F6c1yu8ZVmFcKACSeNbTEZukRkU7oMFk5C820xo9J1LWVMXUdxoOtV; Expires=Mon, 30 Oct 2017 09:00:38 GMT; Path=/". Invalid 'expires' attribute: Mon, 30 Oct 2017 09:00:38 GMT
2017-10-23 12:00:38 WARN  ResponseProcessCookies:130 - Invalid cookie header: "Set-Cookie: AWSALB=Ka0ORycePY6AG42Ryw+qPWoz9HdFCAsrn6yOQP35vnCJbZSpfi7NoKsKzTg8Vy/R4Q7RqEQ7UEVU3z+1Kkn84ObI752hPyf8O2T7KyWih2j6UzXcCEumvxd8OoaT; Expires=Mon, 30 Oct 2017 09:00:38 GMT; Path=/". Invalid 'expires' attribute: Mon, 30 Oct 2017 09:00:38 GMT
2017-10-23 12:00:39 WARN  ResponseProcessCookies:130 - Invalid cookie header: "Set-Cookie: AWSALB=4pNDB/+rRkYJHRabUn2Nq4AIaaAl1p5jUOUPw/l2dxyfFNIOaeGyGXPyFPJZ8kiSkSKXYwwYg83QcxRvgfim8OleQu7EPal0FvTpGhu2zySAVBdQc41S/Cc0xl7d; Expires=Mon, 30 Oct 2017 09:00:39 GMT; Path=/". Invalid 'expires' attribute: Mon, 30 Oct 2017 09:00:39 GMT
2017-10-23 12:00:39 INFO  AirTableApi:121 - 30-75
2017-10-23 12:02:15 WARN  ResponseProcessCookies:130 - Invalid cookie header: "Set-Cookie: AWSALB=6PuH4Kdrv+VVxb/UCkr3Z6Z5XRutwoWgX7W1eT6dHi0IO/s1ZHXSIFBiDatBoNaf3DoL1IbhAT21tnxY6+fhlO91HBHBM8i3ft32IRSTNaZQvDpnqAbKrzGA6Rco; Expires=Mon, 30 Oct 2017 09:02:15 GMT; Path=/". Invalid 'expires' attribute: Mon, 30 Oct 2017 09:02:15 GMT
2017-10-23 12:02:16 WARN  ResponseProcessCookies:130 - Invalid cookie header: "Set-Cookie: AWSALB=dMGv9lqslxG2x1xvH0szJ3LyFcuRgfZE3IMJKTp48/6WyIK2RGxmG0+POkiBHuvL6etoEmhOoIhC5n2Niw72/6EvTUnX8AvK3aG5PQJHtgLB1B2YhLNsbQOiIvfH; Expires=Mon, 30 Oct 2017 09:02:16 GMT; Path=/". Invalid 'expires' attribute: Mon, 30 Oct 2017 09:02:16 GMT
2017-10-23 12:02:16 WARN  ResponseProcessCookies:130 - Invalid cookie header: "Set-Cookie: AWSALB=/h+iJ6mQojZFY0f+d2Hv6Gj+UKe1XThEzFjEHQfELpiJgVgZAxzZOOzKnd5gGU8UcyJRwE4cDLUpTMz8p/77cvVw2wY+7J6Iua4BmVsx+kcuX73u8rBtWTXN+X2h; Expires=Mon, 30 Oct 2017 09:02:17 GMT; Path=/". Invalid 'expires' attribute: Mon, 30 Oct 2017 09:02:17 GMT
2017-10-23 12:02:16 INFO  AirTableApi:121 - 
2017-10-23 12:02:16 INFO  AirTableApi:121 - 
2017-10-23 12:02:16 INFO  AirTableApi:121 - 
2017-10-23 12:02:16 INFO  AirTableApi:121 - 
2017-10-23 12:02:18 INFO  TextProcessor:50 - https://pafutos.com/g/2316b8f856ecdb0ffb0022af2ed61b/?ulp=https%3A%2F%2Fwww.gearbest.com%2Fcell-phones%2Fpp_705268.html&
2017-10-23 12:04:15 WARN  ResponseProcessCookies:130 - Invalid cookie header: "Set-Cookie: AWSALB=rqcAfizaYVSTFSrKWQB3of8WPQLNUKP8oXm6Qf8WN8xsx5dNtWkJ29gBMwavE2XwAPqPPYjglmp6moQzwUjdN6uHPxDTYE8kJ80rLOPow+jxpWsAl54wkzcjca3F; Expires=Mon, 30 Oct 2017 09:04:15 GMT; Path=/". Invalid 'expires' attribute: Mon, 30 Oct 2017 09:04:15 GMT
2017-10-23 12:04:16 WARN  ResponseProcessCookies:130 - Invalid cookie header: "Set-Cookie: AWSALB=g/3q9VTTZ06ha4lN/NRkzjBFQpd5tiuPavTntyHXMo8qtHTHpaWabRLVgaXGrelV+WZxI9ypmjl5xElNQb0ECW8GGjkeh+Smr3FyDnpsGOEPwGDYm7UNGhvcpGGV; Expires=Mon, 30 Oct 2017 09:04:16 GMT; Path=/". Invalid 'expires' attribute: Mon, 30 Oct 2017 09:04:16 GMT
2017-10-23 12:04:16 WARN  ResponseProcessCookies:130 - Invalid cookie header: "Set-Cookie: AWSALB=mjauTbI6weRQb1YTHG6P+eS8xqVQveN9QbGZh+ZPFjPgmdLIgOa3ssOdcxG4qRv0B1Z2DEaVcPD3BXL5Y9Gj+hf1VSi8lcuc7H9Z3M3HhO93b7ie+FH5MP+UOJRt; Expires=Mon, 30 Oct 2017 09:04:17 GMT; Path=/". Invalid 'expires' attribute: Mon, 30 Oct 2017 09:04:17 GMT
2017-10-23 12:04:16 INFO  AirTableApi:120 - 30-75
2017-10-23 12:04:17 INFO  AirTableApi:120 - 0-30
2017-10-23 12:04:17 INFO  AirTableApi:120 - 160-1500
2017-10-23 12:04:17 INFO  AirTableApi:120 - 75-160
2017-10-23 12:04:18 INFO  TextProcessor:50 - https://pafutos.com/g/2316b8f856ecdb0ffb0022af2ed61b/?ulp=https%3A%2F%2Fwww.gearbest.com%2Fcell-phones%2Fpp_705268.html&
2017-10-23 12:07:13 WARN  ResponseProcessCookies:130 - Invalid cookie header: "Set-Cookie: AWSALB=GzEchhHa+hOHhX0lQ1a00dv+pZvWNRljaCY7sRv4KcoF1YfSbbTMbxcBU6Qy434dZjkM8WEAD9ut4IPoeZDq8s2zCpmOpcr1SuqlxmVCJuEnzI7vqr5qqSToECRb; Expires=Mon, 30 Oct 2017 09:07:14 GMT; Path=/". Invalid 'expires' attribute: Mon, 30 Oct 2017 09:07:14 GMT
2017-10-23 12:07:14 WARN  ResponseProcessCookies:130 - Invalid cookie header: "Set-Cookie: AWSALB=jw1/SzvjNkJv1NqbXZ1xDaxMkJtEvijl1X4FMLuN0yter4jRUTZ2Yl5Ry5+7nZXKNFKsGhK4mRWNOT5ClyGOg01IG4f5l855GShbY1BKrT3XBSkGEr1uv0wU6UhT; Expires=Mon, 30 Oct 2017 09:07:14 GMT; Path=/". Invalid 'expires' attribute: Mon, 30 Oct 2017 09:07:14 GMT
2017-10-23 12:07:15 WARN  ResponseProcessCookies:130 - Invalid cookie header: "Set-Cookie: AWSALB=Na3LMby4HovymAxVVm1AICu3RA6Hl1SC9rErfuJzI5mqa/w1wDyuj4MdfLUx+03kv+iC9GC0vDDKSzlYkRqS8dN+MytQWvR50BI8Yn9tXmc2VBULXOOS+glyrbtf; Expires=Mon, 30 Oct 2017 09:07:15 GMT; Path=/". Invalid 'expires' attribute: Mon, 30 Oct 2017 09:07:15 GMT
2017-10-23 12:07:16 INFO  TextProcessor:50 - https://pafutos.com/g/2316b8f856ecdb0ffb0022af2ed61b/?ulp=https%3A%2F%2Fwww.gearbest.com%2Fcell-phones%2Fpp_705268.html&
2017-10-23 12:07:16 WARN  TextProcessor:118 - ClearLink failed with grbe.st/AwYQJ and shop gearbest
2017-10-23 12:08:50 WARN  ResponseProcessCookies:130 - Invalid cookie header: "Set-Cookie: AWSALB=8QgxlCHpSHRamc5FUs4PO/v+YCQzvQBSLA5au9G5R2PMctehfCDq/f1CJ44JKSVpw69PV6o0GdMwwFW+zCKB2GbUkAbjQPmBdODYjXYCCgQAXqrhiRJ7ZWbyjNFT; Expires=Mon, 30 Oct 2017 09:08:50 GMT; Path=/". Invalid 'expires' attribute: Mon, 30 Oct 2017 09:08:50 GMT
2017-10-23 12:08:50 WARN  ResponseProcessCookies:130 - Invalid cookie header: "Set-Cookie: AWSALB=LGQNmvi0T9YnfmqW763oyd5HYSfQnUpzmT+LoV8Mt9s2xJlcaujx5YL6P6Hnb3+NtxuREJs9PtogSEriTZTB/6nBH/S35Du22yhHDBjDQGJFAC+kGEiRu/kVRz9S; Expires=Mon, 30 Oct 2017 09:08:51 GMT; Path=/". Invalid 'expires' attribute: Mon, 30 Oct 2017 09:08:51 GMT
2017-10-23 12:08:51 WARN  ResponseProcessCookies:130 - Invalid cookie header: "Set-Cookie: AWSALB=oF5Pp1AiuyuC6NMavppY5mMK5DTquKkUPVmnB3z6+CU/aVcfugsfmrqtepeKEpiJl6IwU/j9P4/auQlA39ymY1qUriqd5Xuxxtoi6Fg6x/OKGMBk7cL/BrZA+ZB4; Expires=Mon, 30 Oct 2017 09:08:51 GMT; Path=/". Invalid 'expires' attribute: Mon, 30 Oct 2017 09:08:51 GMT
2017-10-23 12:08:55 INFO  TextProcessor:50 - https://pafutos.com/g/2316b8f856ecdb0ffb0022af2ed61b/?ulp=https%3A%2F%2Fwww.gearbest.com%2Fcell-phones%2Fpp_705268.html&
2017-10-23 12:08:55 WARN  TextProcessor:122 - ClearLink failed with grbe.st/AwYQJ and shop gearbest
2017-10-23 12:10:42 WARN  ResponseProcessCookies:130 - Invalid cookie header: "Set-Cookie: AWSALB=42f54kABQNUeHXMBaaIa7aAcMEyDBtLmEJTHF9oInPIdAw83REupokCJuVi8GSxz7xdB6hEtpXKArie8Vr0nKhHbGTUS6s4NJs5Y9F/s4dH7Jj79HMRpOjNeXwIZ; Expires=Mon, 30 Oct 2017 09:10:43 GMT; Path=/". Invalid 'expires' attribute: Mon, 30 Oct 2017 09:10:43 GMT
2017-10-23 12:10:43 WARN  ResponseProcessCookies:130 - Invalid cookie header: "Set-Cookie: AWSALB=nLXu7L116MgGrvYpTn8tNewNQiB/Ca6vvniM46r7P9yY05rItk9YxQbylFIaNlvn/EdAgT1ZHo9K/SYKhwEZ2jV99oR/PF/va+uI5hySAMbaZzdcH3BTMsOK/V4I; Expires=Mon, 30 Oct 2017 09:10:43 GMT; Path=/". Invalid 'expires' attribute: Mon, 30 Oct 2017 09:10:43 GMT
2017-10-23 12:10:44 WARN  ResponseProcessCookies:130 - Invalid cookie header: "Set-Cookie: AWSALB=65dWzvpwKC8vZco1SRJGhicB7eOUfElyTxQ1gO+OHHhVnAA61rgHzarg7yWSTejzudF/UHqOzzR7M6Vjk7ET2SZJ55fPE0ZjVkaGskYvnOAXGLuianqNL09uQSG4; Expires=Mon, 30 Oct 2017 09:10:44 GMT; Path=/". Invalid 'expires' attribute: Mon, 30 Oct 2017 09:10:44 GMT
2017-10-23 12:10:45 INFO  TextProcessor:50 - https://pafutos.com/g/2316b8f856ecdb0ffb0022af2ed61b/?ulp=https%3A%2F%2Fwww.gearbest.com%2Fcell-phones%2Fpp_705268.html&
2017-10-23 12:10:45 WARN  TextProcessor:122 - ClearLink failed with grbe.st/AwYQJ and shop gearbest
2017-10-23 12:13:10 WARN  ResponseProcessCookies:130 - Invalid cookie header: "Set-Cookie: AWSALB=L7FYRGYejSRZNNPQ7SlDQgPx1XUu6CVgw57h1YgM3lgSiNAHg+Y/1mCS1ZkY9MZG0E88HFVJoH0b82LpNtqEvAyR8bMi5gfaEfdHHIHd+knEQRlUtV45L+qP26nD; Expires=Mon, 30 Oct 2017 09:13:10 GMT; Path=/". Invalid 'expires' attribute: Mon, 30 Oct 2017 09:13:10 GMT
2017-10-23 12:13:10 WARN  ResponseProcessCookies:130 - Invalid cookie header: "Set-Cookie: AWSALB=ExVxWQ7gRb4gBFEWVQkkIdhS+U5PY8ho6x1MXA2QFj2BY1gYin77HPX5sjPOk8kcTp2m9rq+9NMz++7pc/rUpuFe0wmIxUol/JVrEA8aq1jCXIQVFqD7k9+TjWSc; Expires=Mon, 30 Oct 2017 09:13:11 GMT; Path=/". Invalid 'expires' attribute: Mon, 30 Oct 2017 09:13:11 GMT
2017-10-23 12:13:11 WARN  ResponseProcessCookies:130 - Invalid cookie header: "Set-Cookie: AWSALB=a2bmqrDXZTvjxEOw+FOf+I5rrq1XTgD7w4UKUo4KWv2P24oBHFE9OsGvBcquW4wkeT9+8D9irJNRal98VF48uTeZMrhrh8fo7DJKfMNcnkkbyaYYnoNuroZwa1ce; Expires=Mon, 30 Oct 2017 09:13:11 GMT; Path=/". Invalid 'expires' attribute: Mon, 30 Oct 2017 09:13:11 GMT
2017-10-23 12:13:13 INFO  TextProcessor:111 - grbe.st/AwYQJ
2017-10-23 12:13:13 INFO  TextProcessor:114 - grbe.st/AwYQJ
2017-10-23 12:13:13 WARN  TextProcessor:125 - ClearLink failed with grbe.st/AwYQJ and shop gearbest
2017-10-23 12:14:21 WARN  ResponseProcessCookies:130 - Invalid cookie header: "Set-Cookie: AWSALB=LGD93TVigL2n1pbJd2HXlVCjSCW3mSSVWIK2gAq3VuZjJ5MhdRiDx25VnyMBuCGFivcTxsQieKYQLtjXh9NTSn8Yw3I/a54cYpS4kVO+FopgGziUn4VGXURPll0E; Expires=Mon, 30 Oct 2017 09:14:21 GMT; Path=/". Invalid 'expires' attribute: Mon, 30 Oct 2017 09:14:21 GMT
2017-10-23 12:14:22 WARN  ResponseProcessCookies:130 - Invalid cookie header: "Set-Cookie: AWSALB=14zTIL+iKjxssLCzFPAl23tZ8yb74+cblfVwkEzIMASC75PIwL7sjWd6yDT8VRRsjA8VJEMvaJSC5GrcjhFUrESxwFUsQaFy8oEUB3ophrTX3w9O3XhV+ETnaKdm; Expires=Mon, 30 Oct 2017 09:14:22 GMT; Path=/". Invalid 'expires' attribute: Mon, 30 Oct 2017 09:14:22 GMT
2017-10-23 12:14:22 WARN  ResponseProcessCookies:130 - Invalid cookie header: "Set-Cookie: AWSALB=K5RVOhj4ne8oz8gQ+zoSjWRfZjHbF6dcl/0cS42eKOt+wrCXmk08fCjUnrFfR7fQMrllWDECAZS3CpGwfagcO6F8fCkHU3P0+o+kRdRVm8C2Xs+4Ea8FJQ+8w/El; Expires=Mon, 30 Oct 2017 09:14:23 GMT; Path=/". Invalid 'expires' attribute: Mon, 30 Oct 2017 09:14:23 GMT
2017-10-23 12:14:24 INFO  TextProcessor:111 - https://pafutos.com/g/2316b8f856ecdb0ffb0022af2ed61b/?ulp=https%3A%2F%2Fwww.gearbest.com%2Fcell-phones%2Fpp_705268.html&
2017-10-23 12:14:24 INFO  TextProcessor:114 - https://pafutos.com/g/2316b8f856ecdb0ffb0022af2ed61b/?ulp=https://www.gearbest.com/cell-phones/pp_705268.html&
2017-10-23 12:14:24 INFO  TextProcessor:120 - https://www.gearbest.com/cell-phones/pp_705268.html&
2017-10-23 12:14:24 INFO  TextProcessor:121 - gearbest
2017-10-23 12:18:32 WARN  ResponseProcessCookies:130 - Invalid cookie header: "Set-Cookie: AWSALB=PM/THVaXN+O5MQH7IihttkRfL5fEy5Hnj0/haUym8BanSPyOhdzCGfXgR3TxWsaKhZr2ymRoXHofYWo6F0yNup9nwpzrZPNvxMLcFAVVh2zIlHeBGzAOFtO9tHLs; Expires=Mon, 30 Oct 2017 09:18:32 GMT; Path=/". Invalid 'expires' attribute: Mon, 30 Oct 2017 09:18:32 GMT
2017-10-23 12:18:32 WARN  ResponseProcessCookies:130 - Invalid cookie header: "Set-Cookie: AWSALB=m7rT2i+kcbRZuse69YM7a75WbY7KHgaQePi/5oXoO4VcEX2ccWZmh2aq/JyT8h+vPxvz/veZlf7IgLduwdhFhFTD3Gs5gYUMGA+zGQtCuFcgjG32XsJUbcKQODBt; Expires=Mon, 30 Oct 2017 09:18:33 GMT; Path=/". Invalid 'expires' attribute: Mon, 30 Oct 2017 09:18:33 GMT
2017-10-23 12:18:33 WARN  ResponseProcessCookies:130 - Invalid cookie header: "Set-Cookie: AWSALB=xyqH8TK2AYlbB2JFz07UlDFoae6eK01TxyOIlpdVojJP0a2eRW5GBNXLC8cdn3xAUi/A939La1N2eJFNFN0+qwoore1XeNH63Ve9/QXAl89alTWKYDvdsM0oNWdv; Expires=Mon, 30 Oct 2017 09:18:33 GMT; Path=/". Invalid 'expires' attribute: Mon, 30 Oct 2017 09:18:33 GMT
2017-10-23 12:18:35 INFO  TextProcessor:111 - https://pafutos.com/g/2316b8f856ecdb0ffb0022af2ed61b/?ulp=https%3A%2F%2Fwww.gearbest.com%2Fcell-phones%2Fpp_705268.html&
2017-10-23 12:18:35 INFO  TextProcessor:114 - https://pafutos.com/g/2316b8f856ecdb0ffb0022af2ed61b/?ulp=https://www.gearbest.com/cell-phones/pp_705268.html&
2017-10-23 12:18:35 INFO  TextProcessor:120 - https://www.gearbest.com/cell-phones/pp_705268.html&
2017-10-23 12:18:35 INFO  TextProcessor:121 - gearbest
2017-10-23 12:18:35 INFO  TextProcessor:132 - https://www.gearbest.com/cell-phones/pp_705268.html&
2017-10-23 12:21:42 WARN  ResponseProcessCookies:130 - Invalid cookie header: "Set-Cookie: AWSALB=cGjXQuNw77KTzWRC96df3DMXUXj6pQ3AhMbExaHCRbBjjaortD5n7vsQLiLpn1ezSKrgaw0hrRIeIL+0nvwdRBfMf5IVCsCORrl4m3SFVFTS3Ke/03esznE2jl+/; Expires=Mon, 30 Oct 2017 09:21:42 GMT; Path=/". Invalid 'expires' attribute: Mon, 30 Oct 2017 09:21:42 GMT
2017-10-23 12:21:42 WARN  ResponseProcessCookies:130 - Invalid cookie header: "Set-Cookie: AWSALB=1ox9fxP7EWTtdexIPLB/VUjle4jCWm0Yz676p9VE/VnGmqLJH0WoltPx9LuM3Nxu64J3aYhVJhx2dfNkSiSnrPJG7ep2wDsWzzWcCeC2tm7l/s90m/fC30x3A9WR; Expires=Mon, 30 Oct 2017 09:21:43 GMT; Path=/". Invalid 'expires' attribute: Mon, 30 Oct 2017 09:21:43 GMT
2017-10-23 12:21:43 WARN  ResponseProcessCookies:130 - Invalid cookie header: "Set-Cookie: AWSALB=SdODF1yigmj6Fqq7bQFyZl16ZH1zI/01x6MF4qM+vI1zkgVxf52wuhNwJ3Dd/FXkl7oUtOl043E9IO8wC6Th/BngLhS9Atgy2Q2V930hwJtIBxeOKYUeIY4CptOI; Expires=Mon, 30 Oct 2017 09:21:43 GMT; Path=/". Invalid 'expires' attribute: Mon, 30 Oct 2017 09:21:43 GMT
2017-10-23 12:21:45 INFO  TextProcessor:111 - https://pafutos.com/g/2316b8f856ecdb0ffb0022af2ed61b/?ulp=https%3A%2F%2Fwww.gearbest.com%2Fcell-phones%2Fpp_705268.html&
2017-10-23 12:21:45 INFO  TextProcessor:114 - https://pafutos.com/g/2316b8f856ecdb0ffb0022af2ed61b/?ulp=https://www.gearbest.com/cell-phones/pp_705268.html&
2017-10-23 12:21:45 INFO  TextProcessor:120 - https://www.gearbest.com/cell-phones/pp_705268.html&
2017-10-23 12:21:45 INFO  TextProcessor:121 - gearbest
2017-10-23 12:21:45 INFO  TextProcessor:129 - https://www.gearbest.com/cell-phones/pp_705268.html
2017-10-23 12:24:32 WARN  ResponseProcessCookies:130 - Invalid cookie header: "Set-Cookie: AWSALB=F0TUCb/OEycnUfEf2GyZwq0ALKhpmfMEHzzyaNgdSoqNfcAIM5iC37uilvb4Bq7rXhajksqYy4HWg2QGnsoLTBKkgbDL15T3qDG5USv6S0yyed4yHM3/17TL1f91; Expires=Mon, 30 Oct 2017 09:24:33 GMT; Path=/". Invalid 'expires' attribute: Mon, 30 Oct 2017 09:24:33 GMT
2017-10-23 12:24:33 WARN  ResponseProcessCookies:130 - Invalid cookie header: "Set-Cookie: AWSALB=nOSipcF7El0QbRiCHtxDJ+O0uX3756oxngZ1JiWbrWIso8aCWkVC7aV/muV/trb6cOdii2RZXKE5LczUQ+MVKVvSQN4hhP/ebAbZwwZF6I2rON3yPfJbLnlGOOhF; Expires=Mon, 30 Oct 2017 09:24:33 GMT; Path=/". Invalid 'expires' attribute: Mon, 30 Oct 2017 09:24:33 GMT
2017-10-23 12:24:34 WARN  ResponseProcessCookies:130 - Invalid cookie header: "Set-Cookie: AWSALB=XcchDS7aGzKqEK+RMI0GBXmSt1AxNLJSVY3q+FewVS6a9kUC4XG5diWWgR+OCRgxhd73z4hStRyt1UZEJIbDGfpWaZL4YKXnAtakUsif6lBfIScI6wV6dM5XAOvY; Expires=Mon, 30 Oct 2017 09:24:34 GMT; Path=/". Invalid 'expires' attribute: Mon, 30 Oct 2017 09:24:34 GMT
2017-10-23 12:24:35 INFO  TextProcessor:111 - https://pafutos.com/g/2316b8f856ecdb0ffb0022af2ed61b/?ulp=https%3A%2F%2Fwww.gearbest.com%2Fcell-phones%2Fpp_705268.html&
2017-10-23 12:24:35 INFO  TextProcessor:114 - https://pafutos.com/g/2316b8f856ecdb0ffb0022af2ed61b/?ulp=https://www.gearbest.com/cell-phones/pp_705268.html&
2017-10-23 12:24:35 INFO  TextProcessor:120 - https://www.gearbest.com/cell-phones/pp_705268.html&
2017-10-23 12:24:35 INFO  TextProcessor:121 - gearbest
2017-10-23 12:24:35 INFO  TextProcessor:129 - https://www.gearbest.com/cell-phones/pp_705268.html
2017-10-23 12:26:48 WARN  ResponseProcessCookies:130 - Invalid cookie header: "Set-Cookie: AWSALB=9G4bQVnlVGRygAx0lIEm57Y6gE6QeRNJ7PS1PHDKgiFozKzZ9yBEfpRVK8Et5vXfdHF490qcNiz8sExwh5WtKqhk/J06ZhDczxmi63ZQBftJjBjWNHHpZh6BMrao; Expires=Mon, 30 Oct 2017 09:26:49 GMT; Path=/". Invalid 'expires' attribute: Mon, 30 Oct 2017 09:26:49 GMT
2017-10-23 12:26:49 WARN  ResponseProcessCookies:130 - Invalid cookie header: "Set-Cookie: AWSALB=BQA8aF1qWl+SUSkkfA2tTo8G8PB7dEv/3vVmua8pwiIz2bO4dFktuApJSyP3X0oUDgWhl7cCfHsqnGYsMgbkG/yHNIVyFogDJf1y1OYoynyeEoEwqK9jmIjul3oe; Expires=Mon, 30 Oct 2017 09:26:49 GMT; Path=/". Invalid 'expires' attribute: Mon, 30 Oct 2017 09:26:49 GMT
2017-10-23 12:26:50 WARN  ResponseProcessCookies:130 - Invalid cookie header: "Set-Cookie: AWSALB=HPnkYtBaCotLyegAmNSG5289GXRRwdH9BM/Rb0DAoOMeUV+jYOJz5YVrT+c6ahC5oofEBhd0c3/cG0E1a02QO8ETAtWtMOhpyPcdWX1s5SPKQ39FM2SrwkpIy/SM; Expires=Mon, 30 Oct 2017 09:26:50 GMT; Path=/". Invalid 'expires' attribute: Mon, 30 Oct 2017 09:26:50 GMT
2017-10-23 12:26:51 INFO  TextProcessor:111 - https://pafutos.com/g/2316b8f856ecdb0ffb0022af2ed61b/?ulp=https%3A%2F%2Fwww.gearbest.com%2Fcell-phones%2Fpp_705268.html&
2017-10-23 12:26:51 INFO  TextProcessor:114 - https://pafutos.com/g/2316b8f856ecdb0ffb0022af2ed61b/?ulp=https://www.gearbest.com/cell-phones/pp_705268.html&
2017-10-23 12:26:51 INFO  TextProcessor:120 - https://www.gearbest.com/cell-phones/pp_705268.html&
2017-10-23 12:26:51 INFO  TextProcessor:121 - gearbest
2017-10-23 12:26:51 INFO  TextProcessor:129 - https://www.gearbest.com/cell-phones/pp_705268.html
2017-10-23 12:30:32 WARN  ResponseProcessCookies:130 - Invalid cookie header: "Set-Cookie: AWSALB=lPccLwTeo3vLout/yfhDrGslT6VD3WrH1meV6gjHpMmyArdFKXZntfiUOV+6sVQM1YlM/nHdPLo1j64cl4Py0KrfTcjLLE8QYCEsM5L6/WzKlhQK1CdRnNOr1d0v; Expires=Mon, 30 Oct 2017 09:30:32 GMT; Path=/". Invalid 'expires' attribute: Mon, 30 Oct 2017 09:30:32 GMT
2017-10-23 12:30:33 WARN  ResponseProcessCookies:130 - Invalid cookie header: "Set-Cookie: AWSALB=0Q7CbJY0NOxRnkJbk1rNlcOP70dZqjAZIiQbvIZejmtjfNmEperMB/rpSgpFoRW2q4sQ9EDSQlJ+Ji6+HNdEgTQLScAQcYkpRcxQO5GCGo92nGwDFpgLUkK99XIs; Expires=Mon, 30 Oct 2017 09:30:33 GMT; Path=/". Invalid 'expires' attribute: Mon, 30 Oct 2017 09:30:33 GMT
2017-10-23 12:30:33 WARN  ResponseProcessCookies:130 - Invalid cookie header: "Set-Cookie: AWSALB=iixtBtF13Bz3kIo4vZpOfV21cEz0e1x7g3GORulHxB3dK8U3xXd3ZH2Km518kFG1OdUd8N/gOHHKwYtfsva3EuRn6UDLXgtwtWCYZjhpitQkxeBkq46JIRNGCBvZ; Expires=Mon, 30 Oct 2017 09:30:34 GMT; Path=/". Invalid 'expires' attribute: Mon, 30 Oct 2017 09:30:34 GMT
2017-10-23 12:30:35 INFO  TextProcessor:111 - https://pafutos.com/g/2316b8f856ecdb0ffb0022af2ed61b/?ulp=https%3A%2F%2Fwww.gearbest.com%2Fcell-phones%2Fpp_705268.html&
2017-10-23 12:30:35 INFO  TextProcessor:114 - https://pafutos.com/g/2316b8f856ecdb0ffb0022af2ed61b/?ulp=https://www.gearbest.com/cell-phones/pp_705268.html&
2017-10-23 12:30:35 INFO  TextProcessor:120 - https://www.gearbest.com/cell-phones/pp_705268.html&
2017-10-23 12:30:35 INFO  TextProcessor:121 - gearbest
2017-10-23 12:30:35 INFO  TextProcessor:129 - https://www.gearbest.com/cell-phones/pp_705268.html
2017-10-23 12:31:38 WARN  ResponseProcessCookies:130 - Invalid cookie header: "Set-Cookie: AWSALB=RukGHopnDVgi86/k1PqRTr6TfIKiSKzyIYI21KRPhRiMitI0CkBNp28h9Wf8OWHbYoDs4c9T2/HMM5EAVSYrXRb04CJ0HBTzoD454ILc1tkNQuLRSYX3Q79a0jaF; Expires=Mon, 30 Oct 2017 09:31:39 GMT; Path=/". Invalid 'expires' attribute: Mon, 30 Oct 2017 09:31:39 GMT
2017-10-23 12:31:39 WARN  ResponseProcessCookies:130 - Invalid cookie header: "Set-Cookie: AWSALB=DZyHl7ArUNynQqt7cgc0RlYwAc3MYOTnclXs9vRFwVgfcyAypqpGX1/mfI8BDthaCzK4/x9PAau7TsMwT6coHfgQtdeSvG8vEXGf2qKWqkIgbxLbLKsxyIMAAB7n; Expires=Mon, 30 Oct 2017 09:31:39 GMT; Path=/". Invalid 'expires' attribute: Mon, 30 Oct 2017 09:31:39 GMT
2017-10-23 12:31:40 WARN  ResponseProcessCookies:130 - Invalid cookie header: "Set-Cookie: AWSALB=mAOFOeYtjfvxm8apJXYt9QnSFVWFo8niMUnVSJMUh/QcC43JW+kdZiLNtwM/kWFvms0TcQP4XJo4aO1MLsKh4PFrDf25ypGANEoAytWputdzU7HbJOJaq7xhUybX; Expires=Mon, 30 Oct 2017 09:31:40 GMT; Path=/". Invalid 'expires' attribute: Mon, 30 Oct 2017 09:31:40 GMT
2017-10-23 12:31:41 INFO  TextProcessor:111 - https://pafutos.com/g/2316b8f856ecdb0ffb0022af2ed61b/?ulp=https%3A%2F%2Fwww.gearbest.com%2Fcell-phones%2Fpp_705268.html&
2017-10-23 12:31:41 INFO  TextProcessor:114 - https://pafutos.com/g/2316b8f856ecdb0ffb0022af2ed61b/?ulp=https://www.gearbest.com/cell-phones/pp_705268.html&
2017-10-23 12:31:41 INFO  TextProcessor:120 - https://www.gearbest.com/cell-phones/pp_705268.html&
2017-10-23 12:31:41 INFO  TextProcessor:121 - gearbest
2017-10-23 12:31:41 INFO  TextProcessor:129 - https://www.gearbest.com/cell-phones/pp_705268.html
2017-10-23 12:40:27 WARN  ResponseProcessCookies:130 - Invalid cookie header: "Set-Cookie: AWSALB=XDcmSrOoxMuQx7ISA449kilgMkeKx3D+Vw2mc4R6MJx/9qehJFWw2HJSQcvJketnKgy2JlncDVJqXkrwRDq2h7BEeY1ZUxiFjB9xG9barvLu1bMYCBmlYTZQ2DUQ; Expires=Mon, 30 Oct 2017 09:40:27 GMT; Path=/". Invalid 'expires' attribute: Mon, 30 Oct 2017 09:40:27 GMT
2017-10-23 12:40:27 WARN  ResponseProcessCookies:130 - Invalid cookie header: "Set-Cookie: AWSALB=dgfaFJzukZLvmW+6tA889tUnhrVLf5i8gJWaONCbrvsUcwXQHdJSDp1wrk1j1+vOlqC0pxNEfuawkFijQcDv1XpLzoT/zV1XEwfU9nG+7ac5sJtDfhu3VPySh6ZW; Expires=Mon, 30 Oct 2017 09:40:28 GMT; Path=/". Invalid 'expires' attribute: Mon, 30 Oct 2017 09:40:28 GMT
2017-10-23 12:40:28 WARN  ResponseProcessCookies:130 - Invalid cookie header: "Set-Cookie: AWSALB=W/pfAAgYwOtusc+cR610yvJyLAJRxTKSiDw2hIQEz2V9qpQaqvR0wDL/Lh/QTWZdQ1u56jk4ZrgdhSX72wFz4nsyyD9XWdEKicNSaoWomsIH1S+/EBN5B5zNmU4O; Expires=Mon, 30 Oct 2017 09:40:28 GMT; Path=/". Invalid 'expires' attribute: Mon, 30 Oct 2017 09:40:28 GMT
2017-10-23 12:40:30 INFO  TextProcessor:111 - https://pafutos.com/g/2316b8f856ecdb0ffb0022af2ed61b/?ulp=https%3A%2F%2Fwww.gearbest.com%2Fcell-phones%2Fpp_705268.html&
2017-10-23 12:40:30 INFO  TextProcessor:114 - https://pafutos.com/g/2316b8f856ecdb0ffb0022af2ed61b/?ulp=https://www.gearbest.com/cell-phones/pp_705268.html&
2017-10-23 12:40:30 INFO  TextProcessor:120 - https://www.gearbest.com/cell-phones/pp_705268.html&
2017-10-23 12:40:30 INFO  TextProcessor:121 - gearbest
2017-10-23 12:40:30 INFO  TextProcessor:129 - https://www.gearbest.com/cell-phones/pp_705268.html
2017-10-23 12:46:11 WARN  ResponseProcessCookies:130 - Invalid cookie header: "Set-Cookie: AWSALB=EtOjHMqkWs8+tJtGGdjXHLQFfPiN9GWhoFpwEWXDDv/UHDNZTvVjdcdkDKElp+e4l5Gd0J5uhK8U+WICR6vXnYwiEV+qUdYYJ7zHMwpgHP2KXdRVUHYXSoVb+Lpy; Expires=Mon, 30 Oct 2017 09:46:11 GMT; Path=/". Invalid 'expires' attribute: Mon, 30 Oct 2017 09:46:11 GMT
2017-10-23 12:46:12 WARN  ResponseProcessCookies:130 - Invalid cookie header: "Set-Cookie: AWSALB=Cr8BjWQC+tX/7tpTrf8vwybkjMswCwLc1BotTXRSEJSCm1fBIVVJ2DLJRTlOjNB08zN1jyLL0Bbjg/Dqbyxp1vlJGZo8MhW/YTtO364eDhgKgJmBrcyRY9N2JX2l; Expires=Mon, 30 Oct 2017 09:46:12 GMT; Path=/". Invalid 'expires' attribute: Mon, 30 Oct 2017 09:46:12 GMT
2017-10-23 12:46:12 WARN  ResponseProcessCookies:130 - Invalid cookie header: "Set-Cookie: AWSALB=DpVnWwN2FoySVzN74gOmGkZZYh01Op7dTNw7LR+tZxQY5uZ4rPPrPJ7elnHpie9M1gJh31tpx/ZWGjs0S01huclSafWPYEKYmzdiBqIvWQnnfY0gi71f/+KRi6X9; Expires=Mon, 30 Oct 2017 09:46:13 GMT; Path=/". Invalid 'expires' attribute: Mon, 30 Oct 2017 09:46:13 GMT
2017-10-23 12:46:14 INFO  TextProcessor:111 - https://pafutos.com/g/2316b8f856ecdb0ffb0022af2ed61b/?ulp=https%3A%2F%2Fwww.gearbest.com%2Fcell-phones%2Fpp_705268.html&
2017-10-23 12:46:14 INFO  TextProcessor:114 - https://pafutos.com/g/2316b8f856ecdb0ffb0022af2ed61b/?ulp=https://www.gearbest.com/cell-phones/pp_705268.html&
2017-10-23 12:46:14 INFO  TextProcessor:120 - https://www.gearbest.com/cell-phones/pp_705268.html&
2017-10-23 12:46:14 INFO  TextProcessor:121 - gearbest
2017-10-23 12:46:14 INFO  TextProcessor:129 - https://www.gearbest.com/cell-phones/pp_705268.html
2017-10-23 12:47:54 WARN  ResponseProcessCookies:130 - Invalid cookie header: "Set-Cookie: AWSALB=PJ+iHwaNl8FczRJ/ML7uouFGGlgDeB3zW5JgRug4bputQKlGBEiHgXuudx7gzRJYj0vjZb7xqMg+nadSgBGoc404bQ7EKoHzv7Kej78PBo4w9o7BjKqdCUMUTYHm; Expires=Mon, 30 Oct 2017 09:47:55 GMT; Path=/". Invalid 'expires' attribute: Mon, 30 Oct 2017 09:47:55 GMT
2017-10-23 12:47:55 WARN  ResponseProcessCookies:130 - Invalid cookie header: "Set-Cookie: AWSALB=469dUZjFUBi9CbCi8KvdSKEgKE26GUGvGkQKOhvQv6OkzDOT6DgGUu0LRk0MuRImvIpFagocEhYNQGlTA+UrQ5DC+KtJzIXqoswlC4t++F2flEkoLEfdqIh8vTEv; Expires=Mon, 30 Oct 2017 09:47:55 GMT; Path=/". Invalid 'expires' attribute: Mon, 30 Oct 2017 09:47:55 GMT
2017-10-23 12:47:56 WARN  ResponseProcessCookies:130 - Invalid cookie header: "Set-Cookie: AWSALB=jyI8/OVibNuZlIsZWzzhcyWtf6oyFQJao7Ov9LVWnPUvcIxmRIy7dZHjU4+XpBhP6eqpGUUZvQcesGvl1+VFNJyAJV4/A6oJovfOVgM7cuzuv1MP8qZaW49zUeCa; Expires=Mon, 30 Oct 2017 09:47:56 GMT; Path=/". Invalid 'expires' attribute: Mon, 30 Oct 2017 09:47:56 GMT
2017-10-23 12:47:57 INFO  TextProcessor:111 - https://pafutos.com/g/2316b8f856ecdb0ffb0022af2ed61b/?ulp=https%3A%2F%2Fwww.gearbest.com%2Fcell-phones%2Fpp_705268.html&
2017-10-23 12:47:57 INFO  TextProcessor:114 - https://pafutos.com/g/2316b8f856ecdb0ffb0022af2ed61b/?ulp=https://www.gearbest.com/cell-phones/pp_705268.html&
2017-10-23 12:47:57 INFO  TextProcessor:120 - https://www.gearbest.com/cell-phones/pp_705268.html&
2017-10-23 12:47:57 INFO  TextProcessor:121 - gearbest
2017-10-23 12:47:57 INFO  TextProcessor:129 - https://www.gearbest.com/cell-phones/pp_705268.html
2017-10-23 12:47:58 INFO  AdmitadApi:72 - [Client authentication failed., invalid_client]
2017-10-23 13:00:41 WARN  ResponseProcessCookies:130 - Invalid cookie header: "Set-Cookie: AWSALB=qsxZBN/MNlZkheU3CKm+mu5o4sQQByPKTVnunZQPIsoZ3lgG9VAMWn2uLlIRVWewR5KTuUjbFEJC+lAC/MbDETlkabzO4CL2SGImcsrAw26TJu8dhgfVVRfpPgPH; Expires=Mon, 30 Oct 2017 10:00:41 GMT; Path=/". Invalid 'expires' attribute: Mon, 30 Oct 2017 10:00:41 GMT
2017-10-23 13:00:43 WARN  ResponseProcessCookies:130 - Invalid cookie header: "Set-Cookie: AWSALB=WCUhhFDBeF2FvZG9u4PNj5+TymYmIG3ao9D7va24Z8Niu7XdR5G6fNHpZufGR+TNgkGP0uaCl1sdK9pn/46oYyihY/oX3JkeTkFKyqtp8WePzl80OsBdPHbik/bu; Expires=Mon, 30 Oct 2017 10:00:42 GMT; Path=/". Invalid 'expires' attribute: Mon, 30 Oct 2017 10:00:42 GMT
2017-10-23 13:00:44 WARN  ResponseProcessCookies:130 - Invalid cookie header: "Set-Cookie: AWSALB=vz++e1RXiJ0/DqGgAmvuK2Ob0HHNfFWgOXjw1ZYiMteHR6izqsd04JBvMpBATeZJfgmt7FYCiO2/8P/Bqqb19PoJjxvlWlKHhJSHDsqtU2v780G8CcG/meiZ0caE; Expires=Mon, 30 Oct 2017 10:00:44 GMT; Path=/". Invalid 'expires' attribute: Mon, 30 Oct 2017 10:00:44 GMT
2017-10-23 13:00:44 WARN  ResponseProcessCookies:130 - Invalid cookie header: "Set-Cookie: AWSALB=HZXUu8q+LS50oOcG23+0MBB1nNqxdHxexkqh0GEVHT1yb/98mjc7RtAX+gp/2A93LcQC/oYoX7Gbofa3z4rI9PGsBLHf28sCr7ZGaywCt8AsuGJ4PLYsmcaz1QpA; Expires=Mon, 30 Oct 2017 10:00:45 GMT; Path=/". Invalid 'expires' attribute: Mon, 30 Oct 2017 10:00:45 GMT
2017-10-23 13:00:45 WARN  ResponseProcessCookies:130 - Invalid cookie header: "Set-Cookie: AWSALB=BbPeR+Lm7AObbNE7yZCxA+ofNhXUt2wzxpMXgxs6f4eq7PHtayzNO+/6urowEOn74BNk4iAq0Fr7JfdlEHx5hHSeOZ/eZKxLjIuCrGI0w6f+99WiphM2csl50vdO; Expires=Mon, 30 Oct 2017 10:00:45 GMT; Path=/". Invalid 'expires' attribute: Mon, 30 Oct 2017 10:00:45 GMT
2017-10-23 13:00:46 WARN  ResponseProcessCookies:130 - Invalid cookie header: "Set-Cookie: AWSALB=2a2y4tXvhcRARMqqijGWCLeKs8rG21MeM+YFzIVMQYSRrN79fH9xRrm+81jUUebpUtqIkBJFPuCAaQcBrgcHfo65svbu8nhHgcDLPvUQb+++f9BjVbUvR2PMKe0+; Expires=Mon, 30 Oct 2017 10:00:46 GMT; Path=/". Invalid 'expires' attribute: Mon, 30 Oct 2017 10:00:46 GMT
2017-10-23 13:00:48 INFO  TextProcessor:111 - https://pafutos.com/g/2316b8f856ecdb0ffb0022af2ed61b/?ulp=https%3A%2F%2Fwww.gearbest.com%2Fcell-phones%2Fpp_705268.html&
2017-10-23 13:00:48 INFO  TextProcessor:114 - https://pafutos.com/g/2316b8f856ecdb0ffb0022af2ed61b/?ulp=https://www.gearbest.com/cell-phones/pp_705268.html&
2017-10-23 13:00:48 INFO  TextProcessor:120 - https://www.gearbest.com/cell-phones/pp_705268.html&
2017-10-23 13:00:48 INFO  TextProcessor:121 - gearbest
2017-10-23 13:00:48 INFO  TextProcessor:129 - https://www.gearbest.com/cell-phones/pp_705268.html
2017-10-23 13:04:04 WARN  ResponseProcessCookies:130 - Invalid cookie header: "Set-Cookie: AWSALB=0LURrofJG1JhGVShGefuhfaIPaMWMVmzlwYPFYfL4pLUXaGfAKQRRGi7tnT6uukaY9J1IAZz7IHumUSmXxRFcNS2AyYKTi9AXdeZkOxfwC+qsS/u2ZRika2p32Xp; Expires=Mon, 30 Oct 2017 10:04:05 GMT; Path=/". Invalid 'expires' attribute: Mon, 30 Oct 2017 10:04:05 GMT
2017-10-23 13:05:03 WARN  ResponseProcessCookies:130 - Invalid cookie header: "Set-Cookie: AWSALB=qn2ykVEao1RmOZE1ee1knyLqWM2DsXLLzHjGYWHTO7+GfBIWrk/NADBDmx9gURZghvR+N8jzkKTn3E6HnEbBnJ2Am2RJboLs54YQx0guJwZUceQwlmKAI9sCLngw; Expires=Mon, 30 Oct 2017 10:05:03 GMT; Path=/". Invalid 'expires' attribute: Mon, 30 Oct 2017 10:05:03 GMT
2017-10-23 13:05:03 WARN  ResponseProcessCookies:130 - Invalid cookie header: "Set-Cookie: AWSALB=kwrjs/kT3I9wxIh4IgdKaYB/o5AE33YBRS1mKSx1R53c5zWvTZnw6erjYn4+pau92iXzuI06C771049xByhTXDJCaR4OEUHfAg+kS16opda15P3oHEIjSn/VO9Qz; Expires=Mon, 30 Oct 2017 10:05:04 GMT; Path=/". Invalid 'expires' attribute: Mon, 30 Oct 2017 10:05:04 GMT
2017-10-23 13:05:04 WARN  ResponseProcessCookies:130 - Invalid cookie header: "Set-Cookie: AWSALB=5rUCY/aY4zt1jK4kBq7JQDYIbnViV9HXt4Jm9tLHyXxsw1ifBkH7Thnu8su7aceZY0TSvyeNiPbrzndf++5EVxKkcDRiNok1rGM9NbyHInmcNI8K0xMaBp69utyU; Expires=Mon, 30 Oct 2017 10:05:04 GMT; Path=/". Invalid 'expires' attribute: Mon, 30 Oct 2017 10:05:04 GMT
2017-10-23 13:05:05 INFO  TextProcessor:111 - https://pafutos.com/g/2316b8f856ecdb0ffb0022af2ed61b/?ulp=https%3A%2F%2Fwww.gearbest.com%2Fcell-phones%2Fpp_705268.html&
2017-10-23 13:05:05 INFO  TextProcessor:114 - https://pafutos.com/g/2316b8f856ecdb0ffb0022af2ed61b/?ulp=https://www.gearbest.com/cell-phones/pp_705268.html&
2017-10-23 13:05:05 INFO  TextProcessor:120 - https://www.gearbest.com/cell-phones/pp_705268.html&
2017-10-23 13:05:05 INFO  TextProcessor:121 - gearbest
2017-10-23 13:05:05 INFO  TextProcessor:129 - https://www.gearbest.com/cell-phones/pp_705268.html
2017-10-23 13:06:48 WARN  ResponseProcessCookies:130 - Invalid cookie header: "Set-Cookie: AWSALB=ktsJzwh3+i2ab1U/9S/il/096KGXmwiwpDjiEDu4iojo7O6PM/C8tNkjZ3u0PhRXUJTgARrgc/TcGCQVYDMxIwzAFGjFFgStmsAWEM4T+7zMYwD1lgKvkjgrrB2P; Expires=Mon, 30 Oct 2017 10:06:49 GMT; Path=/". Invalid 'expires' attribute: Mon, 30 Oct 2017 10:06:49 GMT
2017-10-23 13:06:49 WARN  ResponseProcessCookies:130 - Invalid cookie header: "Set-Cookie: AWSALB=6rYHhRAu9YU1oUkMxOBI+VwMhwW9h3WXLomXQV/YykrigpRY6fFsGrrrTRuHc8R41SRNA3SVmEJvUihWbZ3FtM3f02FlGR0oo1ug99usfdynCshH5OjP+B0rDoyM; Expires=Mon, 30 Oct 2017 10:06:49 GMT; Path=/". Invalid 'expires' attribute: Mon, 30 Oct 2017 10:06:49 GMT
2017-10-23 13:06:49 WARN  ResponseProcessCookies:130 - Invalid cookie header: "Set-Cookie: AWSALB=i5qCNdIVSDFjYtSFZD8YjWXT7xgqxlIiGLpiZTO1CJNWEFDvtac0rDNeuZOAkTpEa4w9a7t7/T+dhrjC4y1Oopmvh/Rqh1XSMoJ+NV/uXWTu4Ai+dM/0MEJtyaAI; Expires=Mon, 30 Oct 2017 10:06:50 GMT; Path=/". Invalid 'expires' attribute: Mon, 30 Oct 2017 10:06:50 GMT
2017-10-23 13:06:51 INFO  TextProcessor:111 - https://pafutos.com/g/2316b8f856ecdb0ffb0022af2ed61b/?ulp=https%3A%2F%2Fwww.gearbest.com%2Fcell-phones%2Fpp_705268.html&
2017-10-23 13:06:51 INFO  TextProcessor:114 - https://pafutos.com/g/2316b8f856ecdb0ffb0022af2ed61b/?ulp=https://www.gearbest.com/cell-phones/pp_705268.html&
2017-10-23 13:06:51 INFO  TextProcessor:120 - https://www.gearbest.com/cell-phones/pp_705268.html&
2017-10-23 13:06:51 INFO  TextProcessor:121 - gearbest
2017-10-23 13:06:51 INFO  TextProcessor:129 - https://www.gearbest.com/cell-phones/pp_705268.html
2017-10-23 14:05:34 WARN  ResponseProcessCookies:130 - Invalid cookie header: "Set-Cookie: AWSALB=Sl3hSsk4/GYiLdHj0SXjEsBobptmqIPlrSkfAKBCKq1t+pr/NHtRKqCm8qsO39B8/gt+PqSHblZatPpB37pd5c2tvSVoYa3S0z7ibcupa/9PYXYVT2C+uhP+x1Kj; Expires=Mon, 30 Oct 2017 11:05:35 GMT; Path=/". Invalid 'expires' attribute: Mon, 30 Oct 2017 11:05:35 GMT
2017-10-23 14:07:32 WARN  ResponseProcessCookies:130 - Invalid cookie header: "Set-Cookie: AWSALB=5JDktyZiUu1iabjG5v710bgNX6PAqsdpkKYazjJVHR4tVOsq1BGwp1yiuSH2fgSMyvYHmEqnNXoTDgoRt7zYZVp3GtjPk4edfdzIRBvCzQ5Rrfu80EWDAWHo6i6u; Expires=Mon, 30 Oct 2017 11:07:33 GMT; Path=/". Invalid 'expires' attribute: Mon, 30 Oct 2017 11:07:33 GMT
2017-10-23 14:07:33 WARN  ResponseProcessCookies:130 - Invalid cookie header: "Set-Cookie: AWSALB=J1/hXI1Qm7P+C0++WI5xzeAMfyIxYjhAqZ4/tpSGhiZd66oN7zhmqxdgApSDltvzFWHQx6cyiA/lDmxZvxA0d47MV+KyKbOTZelNhNH9fY7PjKc9IXZPl1j4jYbv; Expires=Mon, 30 Oct 2017 11:07:33 GMT; Path=/". Invalid 'expires' attribute: Mon, 30 Oct 2017 11:07:33 GMT
2017-10-23 14:07:34 WARN  ResponseProcessCookies:130 - Invalid cookie header: "Set-Cookie: AWSALB=pQSRDMxiT+PPaSqd00WrJL1IRQxJhL+U45QOJTPTMQd0Hk6b1J64yk1hcXhCaL5cor/ESqQ8tnZAAQ+4NVKyfu6EnfPZ3jgpO4oMsdJJJBlfSt6CpSzB55AxXOmh; Expires=Mon, 30 Oct 2017 11:07:34 GMT; Path=/". Invalid 'expires' attribute: Mon, 30 Oct 2017 11:07:34 GMT
2017-10-23 14:07:36 INFO  TextProcessor:111 - https://pafutos.com/g/2316b8f856ecdb0ffb0022af2ed61b/?ulp=https%3A%2F%2Fwww.gearbest.com%2Fcell-phones%2Fpp_705268.html&
2017-10-23 14:07:36 INFO  TextProcessor:114 - https://pafutos.com/g/2316b8f856ecdb0ffb0022af2ed61b/?ulp=https://www.gearbest.com/cell-phones/pp_705268.html&
2017-10-23 14:07:36 INFO  TextProcessor:120 - https://www.gearbest.com/cell-phones/pp_705268.html&
2017-10-23 14:07:36 INFO  TextProcessor:121 - gearbest
2017-10-23 14:07:36 INFO  TextProcessor:129 - https://www.gearbest.com/cell-phones/pp_705268.html
2017-10-23 14:07:37 INFO  AdmitadApi:74 - [c0fde5f0b8d90c38b8cb, 31dbf733351c87e82d4e, deeplink_generator, , ru, 637621, bearer, , 604800, art1209]
2017-10-23 14:08:48 WARN  ResponseProcessCookies:130 - Invalid cookie header: "Set-Cookie: AWSALB=sZGuNgRQYPoimQ3oU/FeiJ2brEg4Jyu9XXoJcCq2QsMxyz8J51WKRO6W0ya7a505WANVLPWnUXa+VqZDyhfbavxI22lJUaY/2QZZJ1uBA6R4ePmcNYkIijHK8KS4; Expires=Mon, 30 Oct 2017 11:08:48 GMT; Path=/". Invalid 'expires' attribute: Mon, 30 Oct 2017 11:08:48 GMT
2017-10-23 14:08:48 WARN  ResponseProcessCookies:130 - Invalid cookie header: "Set-Cookie: AWSALB=PTIYLo8HEnlOztnICxEc40gjZ9dg5FwL7UETzdFET5+m3xkxBm+NOBfHV8/jnE4FlF4KNrJujHSZUzoquttbC8HPH6WUEXLqzLrn6rJydbYYsF93zcpb6+W0z/Cg; Expires=Mon, 30 Oct 2017 11:08:49 GMT; Path=/". Invalid 'expires' attribute: Mon, 30 Oct 2017 11:08:49 GMT
2017-10-23 14:08:49 WARN  ResponseProcessCookies:130 - Invalid cookie header: "Set-Cookie: AWSALB=9mB00towvFjwKjKRq5nrSyDwOcpENJhb3EpkNyMRrpJ3uzDBpBrTUNgdI7F9PLfdN/5gs4CURP8a2l0x0Skxqa/AVHFX2SX3Vp0CkkyiVTxfN8Ef059EUvPBKKaz; Expires=Mon, 30 Oct 2017 11:08:49 GMT; Path=/". Invalid 'expires' attribute: Mon, 30 Oct 2017 11:08:49 GMT
2017-10-23 14:08:50 INFO  TextProcessor:111 - https://pafutos.com/g/2316b8f856ecdb0ffb0022af2ed61b/?ulp=https%3A%2F%2Fwww.gearbest.com%2Fcell-phones%2Fpp_705268.html&
2017-10-23 14:08:51 INFO  TextProcessor:114 - https://pafutos.com/g/2316b8f856ecdb0ffb0022af2ed61b/?ulp=https://www.gearbest.com/cell-phones/pp_705268.html&
2017-10-23 14:08:51 INFO  TextProcessor:120 - https://www.gearbest.com/cell-phones/pp_705268.html&
2017-10-23 14:08:51 INFO  TextProcessor:121 - gearbest
2017-10-23 14:08:51 INFO  TextProcessor:129 - https://www.gearbest.com/cell-phones/pp_705268.html
2017-10-23 14:09:21 WARN  ResponseProcessCookies:130 - Invalid cookie header: "Set-Cookie: AWSALB=O8kiCIZwYEMSumqCkEoI7iJTJGn6TwKGuBN0wsa6z4vpLrDBex2nVns41Cowyz9FUdFqllT3HLy8bkQ+2doje0jrjVSdBoV0LtzqpkF2ZTpS3fTCPM6IXYCLTPbT; Expires=Mon, 30 Oct 2017 11:09:21 GMT; Path=/". Invalid 'expires' attribute: Mon, 30 Oct 2017 11:09:21 GMT
2017-10-23 14:09:21 WARN  ResponseProcessCookies:130 - Invalid cookie header: "Set-Cookie: AWSALB=Y1w+1ZgggFO84KXr/oieXDnjDD7MtnklPoLsr/YzdblQUEMbFniPusu+KUqLOrk/DfwtJLaVg4XindjDipvZRsWItcyt/nuuU6IhsxDy+Ym76L7u+m/a5WLpcqWg; Expires=Mon, 30 Oct 2017 11:09:22 GMT; Path=/". Invalid 'expires' attribute: Mon, 30 Oct 2017 11:09:22 GMT
2017-10-23 14:09:22 WARN  ResponseProcessCookies:130 - Invalid cookie header: "Set-Cookie: AWSALB=1HLY9/Tl6RWbSeBwYKQAyaDLG9AnDlSp427M4pARnBN5u7BFPUBRvGy3jmAXdoOk600zUNj8yTfLFdrxAThMnk6ZdjpJQMkF0e8gclH0baLmwT0SaOJylSzu+u63; Expires=Mon, 30 Oct 2017 11:09:23 GMT; Path=/". Invalid 'expires' attribute: Mon, 30 Oct 2017 11:09:23 GMT
2017-10-23 14:09:24 INFO  TextProcessor:111 - https://pafutos.com/g/2316b8f856ecdb0ffb0022af2ed61b/?ulp=https%3A%2F%2Fwww.gearbest.com%2Fcell-phones%2Fpp_705268.html&
2017-10-23 14:09:24 INFO  TextProcessor:114 - https://pafutos.com/g/2316b8f856ecdb0ffb0022af2ed61b/?ulp=https://www.gearbest.com/cell-phones/pp_705268.html&
2017-10-23 14:09:24 INFO  TextProcessor:120 - https://www.gearbest.com/cell-phones/pp_705268.html&
2017-10-23 14:09:24 INFO  TextProcessor:121 - gearbest
2017-10-23 14:09:24 INFO  TextProcessor:129 - https://www.gearbest.com/cell-phones/pp_705268.html
2017-10-23 14:09:25 INFO  AdmitadApi:75 - [fc644e8cbe8bd8181328, 34677fcfd0df714f4c56, deeplink_generator, , ru, 637621, bearer, , 604800, art1209]
2017-10-23 14:23:54 WARN  ResponseProcessCookies:130 - Invalid cookie header: "Set-Cookie: AWSALB=TdbIlavbpw8wQ0hZGY88EVO0jmVHxlnk1wxlL6K9SQEnRjSHwSCmToY8PuwvG7hjDe8QVSC8BcWVS13LiIglMdvG30rnfQctkKnQDt3AUCISaHc5ve1Kbnv2hzmU; Expires=Mon, 30 Oct 2017 11:23:55 GMT; Path=/". Invalid 'expires' attribute: Mon, 30 Oct 2017 11:23:55 GMT
2017-10-23 14:23:55 WARN  ResponseProcessCookies:130 - Invalid cookie header: "Set-Cookie: AWSALB=Q3evcTFk03gNDxriaFzCfEo1Lbv1k6XvzBaGZ8r25hZk6pIXbx6iFNjd19pmfLTm3X0t4CgiytMTYRGsJbcYKdiGDKceBVq8KdRjqfu1OfmPogKtmwBPfaxOuSX7; Expires=Mon, 30 Oct 2017 11:23:56 GMT; Path=/". Invalid 'expires' attribute: Mon, 30 Oct 2017 11:23:56 GMT
2017-10-23 14:23:56 WARN  ResponseProcessCookies:130 - Invalid cookie header: "Set-Cookie: AWSALB=mMhV76W2SP/zTIEQq5odFLvAyeq6tsdaEDsYDH3BMMf04yson+NxylydIUEvLQToyIo7kEvcIa4TXPQYSNBYHkg9+UHN2gYq0mgenmycLpngaN4eqy3pw5t4cBJv; Expires=Mon, 30 Oct 2017 11:23:56 GMT; Path=/". Invalid 'expires' attribute: Mon, 30 Oct 2017 11:23:56 GMT
2017-10-23 14:23:58 INFO  TextProcessor:111 - https://pafutos.com/g/2316b8f856ecdb0ffb0022af2ed61b/?ulp=https%3A%2F%2Fwww.gearbest.com%2Fcell-phones%2Fpp_705268.html&
2017-10-23 14:23:58 INFO  TextProcessor:114 - https://pafutos.com/g/2316b8f856ecdb0ffb0022af2ed61b/?ulp=https://www.gearbest.com/cell-phones/pp_705268.html&
2017-10-23 14:23:58 INFO  TextProcessor:120 - https://www.gearbest.com/cell-phones/pp_705268.html&
2017-10-23 14:23:58 INFO  TextProcessor:121 - gearbest
2017-10-23 14:23:58 INFO  TextProcessor:129 - https://www.gearbest.com/cell-phones/pp_705268.html
2017-10-23 14:24:00 INFO  AdmitadApi:75 - [a4e7faac0033f6be9844, 3b2eaf9a95f8c17a2f15, deeplink_generator, , ru, 637621, bearer, , 604800, art1209]
2017-10-23 14:24:01 INFO  AdmitadApi:88 - org.apache.http.impl.io.EmptyInputStream@16e7dcfd
2017-10-23 14:31:17 WARN  ResponseProcessCookies:130 - Invalid cookie header: "Set-Cookie: AWSALB=4+3geyiRyK3KGAm6CFPLLTW28Ky29x2UmtjcmU2Yf4Gmf2Ed2B1KGx8FxGAIaNPhYdhh+MDwzHsHP6rjNozUV5Nuh1DSA3xb9Fe/i42p1oTlsgs2fxuRYZxkyJN8; Expires=Mon, 30 Oct 2017 11:31:17 GMT; Path=/". Invalid 'expires' attribute: Mon, 30 Oct 2017 11:31:17 GMT
2017-10-23 14:31:17 WARN  ResponseProcessCookies:130 - Invalid cookie header: "Set-Cookie: AWSALB=1Xs3T5r2wSh99qlIbpAiZACERcIsZxhWhovCh6CJMxlvVL7/zMuuKd+0t8CrO0kxW2N2HXnM/mmiRRElgsgHPniDfq7DVl8aw2SFcjDYMxmLF98+kKrIu6UKWj0F; Expires=Mon, 30 Oct 2017 11:31:18 GMT; Path=/". Invalid 'expires' attribute: Mon, 30 Oct 2017 11:31:18 GMT
2017-10-23 14:31:18 WARN  ResponseProcessCookies:130 - Invalid cookie header: "Set-Cookie: AWSALB=lmaWr1mklyHsLaXoQqYiZ9KohxRUO2cENTNDVjJS2+D2jFPoEp15cpJ6KxEXKMSRUkbZWcnLqW4YgAyvq++BEEe4MGpZE1VHKNTfyIG57jMf+mveDt/RlmgbzDP5; Expires=Mon, 30 Oct 2017 11:31:19 GMT; Path=/". Invalid 'expires' attribute: Mon, 30 Oct 2017 11:31:19 GMT
2017-10-23 14:31:20 INFO  TextProcessor:111 - https://pafutos.com/g/2316b8f856ecdb0ffb0022af2ed61b/?ulp=https%3A%2F%2Fwww.gearbest.com%2Fcell-phones%2Fpp_705268.html&
2017-10-23 14:31:20 INFO  TextProcessor:114 - https://pafutos.com/g/2316b8f856ecdb0ffb0022af2ed61b/?ulp=https://www.gearbest.com/cell-phones/pp_705268.html&
2017-10-23 14:31:20 INFO  TextProcessor:120 - https://www.gearbest.com/cell-phones/pp_705268.html&
2017-10-23 14:31:20 INFO  TextProcessor:121 - gearbest
2017-10-23 14:31:20 INFO  TextProcessor:129 - https://www.gearbest.com/cell-phones/pp_705268.html
2017-10-23 14:31:57 WARN  ResponseProcessCookies:130 - Invalid cookie header: "Set-Cookie: AWSALB=jVvJ051QKz6QVnTXgDknzMJ2W7RV/HxqvN6xV1+AAHN/Zej6lHrokdPerAcyAXw/TtJ8OSr6k+1+/EJbqWPfMfNt+kVqlVa6T+hT1AnFQ1cMC2ycL6/2DbUobJxv; Expires=Mon, 30 Oct 2017 11:31:58 GMT; Path=/". Invalid 'expires' attribute: Mon, 30 Oct 2017 11:31:58 GMT
2017-10-23 14:31:58 WARN  ResponseProcessCookies:130 - Invalid cookie header: "Set-Cookie: AWSALB=E0+1c9TWuAsea2H5x+fU9UaeRNcrWV3K20s/F+a2UKv8eWYrRvjO7CbaEKYyEgJ8V03K4J7I2UxRRhLPVGcLgojjhuK6BJE8CNawh1TFVG44zJtFNiYPRndqIVlc; Expires=Mon, 30 Oct 2017 11:31:59 GMT; Path=/". Invalid 'expires' attribute: Mon, 30 Oct 2017 11:31:59 GMT
2017-10-23 14:31:59 WARN  ResponseProcessCookies:130 - Invalid cookie header: "Set-Cookie: AWSALB=TiSh558EZuoWVkNdgbufXbERb7Kqc4Ryfg61glReHsE+SksCkhdf0OAOspBYpZIeXr2VoCIllF5Ak4VToxyBNN1ETrSJfU02HDXkX7lgUVsgd6JpBlCWLYvHgHp0; Expires=Mon, 30 Oct 2017 11:31:59 GMT; Path=/". Invalid 'expires' attribute: Mon, 30 Oct 2017 11:31:59 GMT
2017-10-23 14:34:01 WARN  ResponseProcessCookies:130 - Invalid cookie header: "Set-Cookie: AWSALB=qfrPcXE+XUyqBG/MzSDGohxFeuvigB9D69BtlcZYgtvLyIejOJMRs/Y5XhM0WJxXEPIZYiT5uRi6eWNMjmOSlOxhueE6J+KOdfzqhmQUKC1XWWikeWjWu8UMVclb; Expires=Mon, 30 Oct 2017 11:34:01 GMT; Path=/". Invalid 'expires' attribute: Mon, 30 Oct 2017 11:34:01 GMT
2017-10-23 14:34:01 WARN  ResponseProcessCookies:130 - Invalid cookie header: "Set-Cookie: AWSALB=SYvJ288YogDYUQNV0708eEB0K5rAiXVk58zQnrsGMbSaFPL/Z2u4y1JlCVbEdGkJXzQ1T37ZxJtGaHWz2r2lNvGJdBDZypdaCf/gDi9PPtmYhI4UsreziYxYzkho; Expires=Mon, 30 Oct 2017 11:34:02 GMT; Path=/". Invalid 'expires' attribute: Mon, 30 Oct 2017 11:34:02 GMT
2017-10-23 14:34:02 WARN  ResponseProcessCookies:130 - Invalid cookie header: "Set-Cookie: AWSALB=8rOMA+DicPTGtViMqcDy5jh0SQDzbAA58cVWQuvlRZoE78gUswhaLKwssGvz/q8zhp6n5SkzvKmuBiYrNKdL2WorSej8FgcX9paJtc/LqAHik+BeH7UPnatCEnG0; Expires=Mon, 30 Oct 2017 11:34:03 GMT; Path=/". Invalid 'expires' attribute: Mon, 30 Oct 2017 11:34:03 GMT
2017-10-23 14:34:04 INFO  TextProcessor:111 - https://pafutos.com/g/2316b8f856ecdb0ffb0022af2ed61b/?ulp=https%3A%2F%2Fwww.gearbest.com%2Fcell-phones%2Fpp_705268.html&
2017-10-23 14:34:04 INFO  TextProcessor:114 - https://pafutos.com/g/2316b8f856ecdb0ffb0022af2ed61b/?ulp=https://www.gearbest.com/cell-phones/pp_705268.html&
2017-10-23 14:34:04 INFO  TextProcessor:120 - https://www.gearbest.com/cell-phones/pp_705268.html&
2017-10-23 14:34:04 INFO  TextProcessor:121 - gearbest
2017-10-23 14:34:04 INFO  TextProcessor:129 - https://www.gearbest.com/cell-phones/pp_705268.html
2017-10-23 14:34:05 INFO  AdmitadApi:74 - [a05ac930b7d9afee6137, da6ba6054c8ee60697ba, deeplink_generator, , ru, 637621, bearer, , 604800, art1209]
2017-10-23 14:34:06 INFO  AdmitadApi:87 - org.apache.http.impl.io.EmptyInputStream@3d121db3
2017-10-23 14:35:33 WARN  ResponseProcessCookies:130 - Invalid cookie header: "Set-Cookie: AWSALB=3734i2rv171S/kAaIBuBg9z2lx2Ixu1R401oFklorBvkswFsj6VakBoDc3CvGXnNjvZasVoPHuAbze4qAkUpsrLWPsEI2Bipvdu9VgqmW1saANotPgh9EZdR4xZg; Expires=Mon, 30 Oct 2017 11:35:34 GMT; Path=/". Invalid 'expires' attribute: Mon, 30 Oct 2017 11:35:34 GMT
2017-10-23 14:35:34 WARN  ResponseProcessCookies:130 - Invalid cookie header: "Set-Cookie: AWSALB=rfsRdiIRimqbIj7OliL09dngih9WDWR4gX6+TFN11FiymuZeARWNZ7opzWjs/02GiE/3tH1793c7u61Y2CqvzZAIRCoB4Z2OjXNNMdNWawNRqgqd8mGvCf/URBXn; Expires=Mon, 30 Oct 2017 11:35:35 GMT; Path=/". Invalid 'expires' attribute: Mon, 30 Oct 2017 11:35:35 GMT
2017-10-23 14:35:34 WARN  ResponseProcessCookies:130 - Invalid cookie header: "Set-Cookie: AWSALB=93u6fzTgx9XiJG84LtP5tel6WJ4FCYtbIdUT+kHjS8Gal+ASQosw0h+hOlFYNzX24Y5fPHI+kGouoJo6f/w8mh0ojyfIMxO0n+LzlN/JS7qD+zjLUgg+BQktXbsy; Expires=Mon, 30 Oct 2017 11:35:35 GMT; Path=/". Invalid 'expires' attribute: Mon, 30 Oct 2017 11:35:35 GMT
2017-10-23 14:35:36 INFO  TextProcessor:111 - https://pafutos.com/g/2316b8f856ecdb0ffb0022af2ed61b/?ulp=https%3A%2F%2Fwww.gearbest.com%2Fcell-phones%2Fpp_705268.html&
2017-10-23 14:35:36 INFO  TextProcessor:114 - https://pafutos.com/g/2316b8f856ecdb0ffb0022af2ed61b/?ulp=https://www.gearbest.com/cell-phones/pp_705268.html&
2017-10-23 14:35:36 INFO  TextProcessor:120 - https://www.gearbest.com/cell-phones/pp_705268.html&
2017-10-23 14:35:36 INFO  TextProcessor:121 - gearbest
2017-10-23 14:35:36 INFO  TextProcessor:129 - https://www.gearbest.com/cell-phones/pp_705268.html
2017-10-23 14:35:37 INFO  AdmitadApi:75 - [5bab65fe4a899f32297a, 5879fb902d013dc6f5e1, deeplink_generator, , ru, 637621, bearer, , 604800, art1209]
2017-10-23 15:17:36 WARN  ResponseProcessCookies:130 - Invalid cookie header: "Set-Cookie: AWSALB=55VUk9d8/E2QFbls8z7qlV9/YWgmKEGfk7OjeRO08drnZL+bkb9EkhVXeFZoUR1pMDsMChYXMaoaKkjHrWXHi9iaHXYCOFL/NIurfngoSHaK6me+wPmgup3Nwv2P; Expires=Mon, 30 Oct 2017 12:17:36 GMT; Path=/". Invalid 'expires' attribute: Mon, 30 Oct 2017 12:17:36 GMT
2017-10-23 15:17:37 WARN  ResponseProcessCookies:130 - Invalid cookie header: "Set-Cookie: AWSALB=m0gHjuen5hRxZ+QGcUVad4zKt6YuHz0SsAMMDOu2uqUPb5EsqIU7H2lKTIJ+W/prSOiI5tgJvRLTmrmadxf9jiqDC3D6S8cn2XFyY5DtlCxf9pFFHA7RcMbDtjT+; Expires=Mon, 30 Oct 2017 12:17:38 GMT; Path=/". Invalid 'expires' attribute: Mon, 30 Oct 2017 12:17:38 GMT
2017-10-23 15:17:38 WARN  ResponseProcessCookies:130 - Invalid cookie header: "Set-Cookie: AWSALB=e1DijGXNsBUk8E9AO67qAada3pKIJhOkfJyegUGUyR/Aj852IuyaFrNFnnG4Jr6lwhTciDyY/zm1dco2c6QjqA+79MVFp5VaJRNXPrTMcSBz+Y2gbF+RWc7Vmj82; Expires=Mon, 30 Oct 2017 12:17:39 GMT; Path=/". Invalid 'expires' attribute: Mon, 30 Oct 2017 12:17:39 GMT
2017-10-23 15:17:40 INFO  TextProcessor:126 - https://www.gearbest.com/cell-phones/pp_705268.html
2017-10-23 17:30:46 WARN  ResponseProcessCookies:130 - Invalid cookie header: "Set-Cookie: AWSALB=h36JCJpEdPBsQkLVWCcvbkrv3wJdHgA85Db4jlcxwynEH7JHlHtdBVBnANLAaf8uHHsUbpW5KMmNPON4WpIEGwo8D/gPuovgED4gstFFJYTcrQ++o6W3REJTFi7L; Expires=Mon, 30 Oct 2017 14:30:46 GMT; Path=/". Invalid 'expires' attribute: Mon, 30 Oct 2017 14:30:46 GMT
2017-10-23 17:42:09 WARN  ResponseProcessCookies:130 - Invalid cookie header: "Set-Cookie: AWSALB=jeIsPqGZCPR50M8/0J167V1L5Ublt9gI795rd6d3MxWeLRvc9Keg8qXsMJn6oRt01zkI1vqlAcGVo5nWxU9AbAbPYKlz5TQ/1p8PhC4TuOHC7niVhUPE4lKQeFDd; Expires=Mon, 30 Oct 2017 14:42:09 GMT; Path=/". Invalid 'expires' attribute: Mon, 30 Oct 2017 14:42:09 GMT
2017-10-23 17:42:09 WARN  ResponseProcessCookies:130 - Invalid cookie header: "Set-Cookie: AWSALB=xna7M/nGOE+lGAROuqdz2WYTq1vA7MePmfsV66TK20zdBNENEAPBHPjfJuq6hIBvqedLA04MfsezxNcO17FyZDVCnu86RpZQDLFyWVt7+aUWf6O+uvzKbELivxty; Expires=Mon, 30 Oct 2017 14:42:10 GMT; Path=/". Invalid 'expires' attribute: Mon, 30 Oct 2017 14:42:10 GMT
2017-10-23 17:42:09 WARN  AirTableApi:184 - Delete action return 404
2017-10-23 17:42:10 WARN  ResponseProcessCookies:130 - Invalid cookie header: "Set-Cookie: AWSALB=JFkzZoIpthsmNB6dzRGohC62fu23dW6ybzf882wKJkDXkdHs/g+BRLCB0QwEOOePegLpgRA7JOavlAolj91oDI59cyriC2Ujb/W6NmIMKCzb95FHJlBwwQa/oeNx; Expires=Mon, 30 Oct 2017 14:42:11 GMT; Path=/". Invalid 'expires' attribute: Mon, 30 Oct 2017 14:42:11 GMT
2017-10-23 17:42:10 WARN  AirTableApi:184 - Delete action return 404
